TN:
SF:playwrightBooking.js
FN:30,getBookingConfig
FN:58,getAvailableCourts
FN:72,(anonymous_2)
FN:75,(anonymous_3)
FN:80,(anonymous_4)
FN:84,minutesToTimeString
FN:114,(anonymous_6)
FN:131,(anonymous_7)
FN:140,(anonymous_8)
FN:214,tryBookCourt
FN:245,(anonymous_10)
FN:247,(anonymous_11)
FN:251,(anonymous_12)
FN:269,(anonymous_13)
FN:280,(anonymous_14)
FN:290,(anonymous_15)
FN:294,(anonymous_16)
FN:306,(anonymous_17)
FN:306,(anonymous_18)
FN:307,(anonymous_19)
FN:307,(anonymous_20)
FN:308,(anonymous_21)
FN:308,(anonymous_22)
FN:314,(anonymous_23)
FN:441,executeBooking
FN:503,(anonymous_25)
FN:542,(anonymous_26)
FN:544,(anonymous_27)
FN:586,(anonymous_28)
FN:630,detectPageType
FN:730,executeBookingPrecisionTimed
FN:798,(anonymous_31)
FN:832,(anonymous_32)
FN:860,(anonymous_33)
FN:928,(anonymous_34)
FN:943,(anonymous_35)
FN:947,(anonymous_36)
FN:947,(anonymous_37)
FN:948,(anonymous_38)
FN:948,(anonymous_39)
FN:949,(anonymous_40)
FN:949,(anonymous_41)
FN:961,(anonymous_42)
FN:963,(anonymous_43)
FN:969,(anonymous_44)
FN:973,(anonymous_45)
FN:1174,waitUntilSynced
FN:1181,(anonymous_47)
FN:1191,logPrecisionEvent
FNF:49
FNH:1
FNDA:0,getBookingConfig
FNDA:0,getAvailableCourts
FNDA:0,(anonymous_2)
FNDA:0,(anonymous_3)
FNDA:0,(anonymous_4)
FNDA:0,minutesToTimeString
FNDA:0,(anonymous_6)
FNDA:0,(anonymous_7)
FNDA:0,(anonymous_8)
FNDA:0,tryBookCourt
FNDA:0,(anonymous_10)
FNDA:0,(anonymous_11)
FNDA:0,(anonymous_12)
FNDA:0,(anonymous_13)
FNDA:0,(anonymous_14)
FNDA:0,(anonymous_15)
FNDA:0,(anonymous_16)
FNDA:0,(anonymous_17)
FNDA:0,(anonymous_18)
FNDA:0,(anonymous_19)
FNDA:0,(anonymous_20)
FNDA:0,(anonymous_21)
FNDA:0,(anonymous_22)
FNDA:0,(anonymous_23)
FNDA:0,executeBooking
FNDA:0,(anonymous_25)
FNDA:0,(anonymous_26)
FNDA:0,(anonymous_27)
FNDA:0,(anonymous_28)
FNDA:27,detectPageType
FNDA:0,executeBookingPrecisionTimed
FNDA:0,(anonymous_31)
FNDA:0,(anonymous_32)
FNDA:0,(anonymous_33)
FNDA:0,(anonymous_34)
FNDA:0,(anonymous_35)
FNDA:0,(anonymous_36)
FNDA:0,(anonymous_37)
FNDA:0,(anonymous_38)
FNDA:0,(anonymous_39)
FNDA:0,(anonymous_40)
FNDA:0,(anonymous_41)
FNDA:0,(anonymous_42)
FNDA:0,(anonymous_43)
FNDA:0,(anonymous_44)
FNDA:0,(anonymous_45)
FNDA:0,waitUntilSynced
FNDA:0,(anonymous_47)
FNDA:0,logPrecisionEvent
DA:8,3
DA:13,3
DA:31,0
DA:32,0
DA:40,0
DA:59,0
DA:60,0
DA:61,0
DA:64,0
DA:65,0
DA:67,0
DA:70,0
DA:72,0
DA:75,0
DA:76,0
DA:80,0
DA:81,0
DA:85,0
DA:86,0
DA:87,0
DA:88,0
DA:89,0
DA:90,0
DA:93,0
DA:94,0
DA:97,0
DA:98,0
DA:99,0
DA:100,0
DA:103,0
DA:104,0
DA:105,0
DA:106,0
DA:110,0
DA:111,0
DA:112,0
DA:114,0
DA:115,0
DA:116,0
DA:117,0
DA:118,0
DA:122,0
DA:125,0
DA:126,0
DA:128,0
DA:131,0
DA:132,0
DA:133,0
DA:136,0
DA:137,0
DA:140,0
DA:141,0
DA:142,0
DA:144,0
DA:147,0
DA:148,0
DA:151,0
DA:152,0
DA:155,0
DA:156,0
DA:159,0
DA:162,0
DA:163,0
DA:164,0
DA:165,0
DA:166,0
DA:167,0
DA:171,0
DA:172,0
DA:173,0
DA:175,0
DA:178,0
DA:179,0
DA:180,0
DA:181,0
DA:184,0
DA:185,0
DA:186,0
DA:188,0
DA:194,0
DA:197,0
DA:198,0
DA:200,0
DA:203,0
DA:204,0
DA:205,0
DA:207,0
DA:215,0
DA:216,0
DA:219,0
DA:220,0
DA:223,0
DA:224,0
DA:225,0
DA:226,0
DA:229,0
DA:232,0
DA:233,0
DA:235,0
DA:237,0
DA:238,0
DA:241,0
DA:242,0
DA:245,0
DA:246,0
DA:248,0
DA:251,0
DA:256,0
DA:257,0
DA:259,0
DA:262,0
DA:263,0
DA:264,0
DA:266,0
DA:269,0
DA:272,0
DA:273,0
DA:274,0
DA:276,0
DA:280,0
DA:282,0
DA:284,0
DA:285,0
DA:289,0
DA:290,0
DA:291,0
DA:292,0
DA:293,0
DA:295,0
DA:296,0
DA:299,0
DA:300,0
DA:303,0
DA:306,0
DA:307,0
DA:308,0
DA:310,0
DA:313,0
DA:314,0
DA:317,0
DA:319,0
DA:320,0
DA:324,0
DA:325,0
DA:326,0
DA:327,0
DA:328,0
DA:329,0
DA:330,0
DA:331,0
DA:332,0
DA:333,0
DA:334,0
DA:335,0
DA:336,0
DA:337,0
DA:338,0
DA:341,0
DA:342,0
DA:345,0
DA:346,0
DA:347,0
DA:348,0
DA:349,0
DA:352,0
DA:353,0
DA:355,0
DA:371,0
DA:372,0
DA:374,0
DA:375,0
DA:378,0
DA:379,0
DA:380,0
DA:382,0
DA:383,0
DA:384,0
DA:385,0
DA:387,0
DA:388,0
DA:389,0
DA:390,0
DA:395,0
DA:396,0
DA:397,0
DA:398,0
DA:407,0
DA:408,0
DA:416,0
DA:417,0
DA:442,0
DA:444,0
DA:445,0
DA:446,0
DA:447,0
DA:448,0
DA:449,0
DA:450,0
DA:452,0
DA:453,0
DA:454,0
DA:456,0
DA:460,0
DA:462,0
DA:467,0
DA:468,0
DA:469,0
DA:471,0
DA:472,0
DA:474,0
DA:475,0
DA:476,0
DA:478,0
DA:479,0
DA:481,0
DA:482,0
DA:484,0
DA:485,0
DA:487,0
DA:488,0
DA:493,0
DA:495,0
DA:497,0
DA:498,0
DA:503,0
DA:506,0
DA:507,0
DA:509,0
DA:510,0
DA:513,0
DA:514,0
DA:519,0
DA:521,0
DA:524,0
DA:526,0
DA:528,0
DA:529,0
DA:530,0
DA:532,0
DA:533,0
DA:534,0
DA:535,0
DA:542,0
DA:544,0
DA:545,0
DA:546,0
DA:549,0
DA:550,0
DA:551,0
DA:552,0
DA:559,0
DA:562,0
DA:567,0
DA:568,0
DA:570,0
DA:572,0
DA:573,0
DA:575,0
DA:576,0
DA:577,0
DA:578,0
DA:579,0
DA:580,0
DA:582,0
DA:583,0
DA:584,0
DA:586,0
DA:593,0
DA:594,0
DA:595,0
DA:596,0
DA:597,0
DA:599,0
DA:600,0
DA:602,0
DA:609,0
DA:610,0
DA:612,0
DA:613,0
DA:616,0
DA:631,27
DA:632,27
DA:635,27
DA:636,18
DA:639,18
DA:640,18
DA:642,17
DA:644,12
DA:645,7
DA:646,7
DA:647,5
DA:648,4
DA:649,4
DA:651,1
DA:652,1
DA:657,5
DA:658,5
DA:660,1
DA:661,1
DA:666,9
DA:667,9
DA:668,7
DA:669,7
DA:671,2
DA:672,2
DA:676,0
DA:677,0
DA:731,0
DA:732,0
DA:733,0
DA:735,0
DA:736,0
DA:737,0
DA:738,0
DA:739,0
DA:740,0
DA:741,0
DA:742,0
DA:743,0
DA:744,0
DA:746,0
DA:747,0
DA:749,0
DA:750,0
DA:751,0
DA:753,0
DA:757,0
DA:758,0
DA:760,0
DA:765,0
DA:766,0
DA:767,0
DA:769,0
DA:771,0
DA:772,0
DA:774,0
DA:775,0
DA:777,0
DA:778,0
DA:780,0
DA:781,0
DA:783,0
DA:788,0
DA:790,0
DA:792,0
DA:793,0
DA:798,0
DA:800,0
DA:801,0
DA:802,0
DA:805,0
DA:810,0
DA:811,0
DA:813,0
DA:815,0
DA:817,0
DA:819,0
DA:820,0
DA:821,0
DA:823,0
DA:824,0
DA:825,0
DA:832,0
DA:834,0
DA:835,0
DA:836,0
DA:837,0
DA:844,0
DA:850,0
DA:851,0
DA:853,0
DA:854,0
DA:856,0
DA:859,0
DA:860,0
DA:863,0
DA:864,0
DA:867,0
DA:868,0
DA:870,0
DA:875,0
DA:876,0
DA:877,0
DA:879,0
DA:880,0
DA:881,0
DA:882,0
DA:884,0
DA:886,0
DA:887,0
DA:891,0
DA:893,0
DA:894,0
DA:895,0
DA:898,0
DA:901,0
DA:906,0
DA:907,0
DA:912,0
DA:913,0
DA:916,0
DA:917,0
DA:918,0
DA:919,0
DA:920,0
DA:921,0
DA:923,0
DA:927,0
DA:928,0
DA:931,0
DA:932,0
DA:933,0
DA:934,0
DA:935,0
DA:936,0
DA:938,0
DA:942,0
DA:943,0
DA:946,0
DA:947,0
DA:948,0
DA:949,0
DA:951,0
DA:952,0
DA:953,0
DA:954,0
DA:957,0
DA:960,0
DA:961,0
DA:962,0
DA:964,0
DA:968,0
DA:969,0
DA:970,0
DA:971,0
DA:972,0
DA:974,0
DA:975,0
DA:978,0
DA:979,0
DA:980,0
DA:981,0
DA:984,0
DA:987,0
DA:988,0
DA:989,0
DA:992,0
DA:993,0
DA:994,0
DA:995,0
DA:996,0
DA:997,0
DA:998,0
DA:999,0
DA:1000,0
DA:1001,0
DA:1002,0
DA:1003,0
DA:1004,0
DA:1005,0
DA:1006,0
DA:1007,0
DA:1010,0
DA:1011,0
DA:1014,0
DA:1015,0
DA:1016,0
DA:1017,0
DA:1018,0
DA:1021,0
DA:1022,0
DA:1025,0
DA:1026,0
DA:1028,0
DA:1044,0
DA:1047,0
DA:1048,0
DA:1049,0
DA:1050,0
DA:1052,0
DA:1053,0
DA:1054,0
DA:1055,0
DA:1057,0
DA:1058,0
DA:1059,0
DA:1060,0
DA:1065,0
DA:1066,0
DA:1067,0
DA:1068,0
DA:1069,0
DA:1070,0
DA:1071,0
DA:1072,0
DA:1073,0
DA:1074,0
DA:1075,0
DA:1077,0
DA:1078,0
DA:1080,0
DA:1082,0
DA:1090,0
DA:1093,0
DA:1094,0
DA:1097,0
DA:1098,0
DA:1099,0
DA:1100,0
DA:1102,0
DA:1103,0
DA:1104,0
DA:1106,0
DA:1107,0
DA:1108,0
DA:1110,0
DA:1111,0
DA:1112,0
DA:1113,0
DA:1117,0
DA:1118,0
DA:1119,0
DA:1123,0
DA:1124,0
DA:1125,0
DA:1126,0
DA:1127,0
DA:1133,0
DA:1134,0
DA:1139,0
DA:1140,0
DA:1141,0
DA:1144,0
DA:1145,0
DA:1147,0
DA:1155,0
DA:1156,0
DA:1158,0
DA:1159,0
DA:1162,0
DA:1175,0
DA:1177,0
DA:1178,0
DA:1180,0
DA:1181,0
DA:1192,0
DA:1193,0
DA:1195,0
DA:1196,0
DA:1197,0
DA:1200,3
LF:551
LH:28
BRDA:31,0,0,0
BRDA:31,0,1,0
BRDA:31,1,0,0
BRDA:31,1,1,0
BRDA:87,2,0,0
BRDA:87,2,1,0
BRDA:88,3,0,0
BRDA:88,3,1,0
BRDA:88,4,0,0
BRDA:88,4,1,0
BRDA:98,5,0,0
BRDA:98,5,1,0
BRDA:104,6,0,0
BRDA:104,6,1,0
BRDA:117,7,0,0
BRDA:117,7,1,0
BRDA:133,8,0,0
BRDA:133,8,1,0
BRDA:142,9,0,0
BRDA:142,9,1,0
BRDA:147,10,0,0
BRDA:147,10,1,0
BRDA:156,11,0,0
BRDA:156,11,1,0
BRDA:164,12,0,0
BRDA:164,12,1,0
BRDA:171,13,0,0
BRDA:171,13,1,0
BRDA:171,13,2,0
BRDA:172,14,0,0
BRDA:172,14,1,0
BRDA:172,14,2,0
BRDA:173,15,0,0
BRDA:173,15,1,0
BRDA:173,15,2,0
BRDA:175,16,0,0
BRDA:175,16,1,0
BRDA:175,16,2,0
BRDA:184,17,0,0
BRDA:184,17,1,0
BRDA:184,18,0,0
BRDA:184,18,1,0
BRDA:184,18,2,0
BRDA:197,19,0,0
BRDA:197,19,1,0
BRDA:224,20,0,0
BRDA:224,20,1,0
BRDA:256,21,0,0
BRDA:256,21,1,0
BRDA:299,22,0,0
BRDA:299,22,1,0
BRDA:319,23,0,0
BRDA:319,23,1,0
BRDA:382,24,0,0
BRDA:382,24,1,0
BRDA:384,25,0,0
BRDA:384,25,1,0
BRDA:385,26,0,0
BRDA:385,26,1,0
BRDA:387,27,0,0
BRDA:387,27,1,0
BRDA:390,28,0,0
BRDA:390,28,1,0
BRDA:395,29,0,0
BRDA:395,29,1,0
BRDA:442,30,0,0
BRDA:442,31,0,0
BRDA:442,32,0,0
BRDA:476,33,0,0
BRDA:476,33,1,0
BRDA:482,34,0,0
BRDA:482,34,1,0
BRDA:488,35,0,0
BRDA:488,35,1,0
BRDA:488,35,2,0
BRDA:488,35,3,0
BRDA:493,36,0,0
BRDA:493,36,1,0
BRDA:509,37,0,0
BRDA:509,37,1,0
BRDA:526,38,0,0
BRDA:526,38,1,0
BRDA:530,39,0,0
BRDA:530,39,1,0
BRDA:545,40,0,0
BRDA:545,40,1,0
BRDA:549,41,0,0
BRDA:549,41,1,0
BRDA:575,42,0,0
BRDA:575,42,1,0
BRDA:599,43,0,0
BRDA:599,43,1,0
BRDA:599,44,0,0
BRDA:599,44,1,0
BRDA:612,45,0,0
BRDA:612,45,1,0
BRDA:635,46,0,18
BRDA:635,46,1,9
BRDA:635,47,0,27
BRDA:635,47,1,14
BRDA:642,48,0,12
BRDA:642,48,1,5
BRDA:644,49,0,7
BRDA:644,49,1,5
BRDA:644,50,0,12
BRDA:644,50,1,7
BRDA:647,51,0,4
BRDA:647,51,1,1
BRDA:731,52,0,0
BRDA:731,53,0,0
BRDA:731,54,0,0
BRDA:772,55,0,0
BRDA:772,55,1,0
BRDA:778,56,0,0
BRDA:778,56,1,0
BRDA:783,57,0,0
BRDA:783,57,1,0
BRDA:783,57,2,0
BRDA:783,57,3,0
BRDA:788,58,0,0
BRDA:788,58,1,0
BRDA:801,59,0,0
BRDA:801,59,1,0
BRDA:817,60,0,0
BRDA:817,60,1,0
BRDA:821,61,0,0
BRDA:821,61,1,0
BRDA:834,62,0,0
BRDA:834,62,1,0
BRDA:868,63,0,0
BRDA:868,63,1,0
BRDA:891,64,0,0
BRDA:891,64,1,0
BRDA:912,65,0,0
BRDA:912,65,1,0
BRDA:951,66,0,0
BRDA:951,66,1,0
BRDA:978,67,0,0
BRDA:978,67,1,0
BRDA:1052,68,0,0
BRDA:1052,68,1,0
BRDA:1054,69,0,0
BRDA:1054,69,1,0
BRDA:1055,70,0,0
BRDA:1055,70,1,0
BRDA:1057,71,0,0
BRDA:1057,71,1,0
BRDA:1060,72,0,0
BRDA:1060,72,1,0
BRDA:1073,73,0,0
BRDA:1073,73,1,0
BRDA:1074,74,0,0
BRDA:1074,74,1,0
BRDA:1080,75,0,0
BRDA:1080,75,1,0
BRDA:1097,76,0,0
BRDA:1097,76,1,0
BRDA:1102,77,0,0
BRDA:1102,77,1,0
BRDA:1106,78,0,0
BRDA:1106,78,1,0
BRDA:1110,79,0,0
BRDA:1110,79,1,0
BRDA:1125,80,0,0
BRDA:1125,80,1,0
BRDA:1133,81,0,0
BRDA:1133,81,1,0
BRDA:1139,82,0,0
BRDA:1139,82,1,0
BRDA:1144,83,0,0
BRDA:1144,83,1,0
BRDA:1144,84,0,0
BRDA:1144,84,1,0
BRDA:1158,85,0,0
BRDA:1158,85,1,0
BRDA:1180,86,0,0
BRDA:1180,86,1,0
BRF:177
BRH:12
end_of_record
TN:
SF:timeSync.js
FN:21,syncWithGameTimeServer
FN:96,getCurrentSyncedTime
FN:105,getTimeSyncStatus
FN:119,isTimeSyncFresh
FN:134,measureNetworkLatency
FN:156,(anonymous_5)
FN:165,(anonymous_6)
FN:179,resetTimeSync
FNF:8
FNH:0
FNDA:0,syncWithGameTimeServer
FNDA:0,getCurrentSyncedTime
FNDA:0,getTimeSyncStatus
FNDA:0,isTimeSyncFresh
FNDA:0,measureNetworkLatency
FNDA:0,(anonymous_5)
FNDA:0,(anonymous_6)
FNDA:0,resetTimeSync
DA:8,0
DA:11,0
DA:14,0
DA:22,0
DA:24,0
DA:25,0
DA:27,0
DA:34,0
DA:35,0
DA:38,0
DA:39,0
DA:40,0
DA:43,0
DA:46,0
DA:49,0
DA:52,0
DA:53,0
DA:54,0
DA:56,0
DA:58,0
DA:59,0
DA:60,0
DA:61,0
DA:62,0
DA:63,0
DA:64,0
DA:65,0
DA:66,0
DA:68,0
DA:69,0
DA:71,0
DA:80,0
DA:81,0
DA:83,0
DA:97,0
DA:106,0
DA:120,0
DA:122,0
DA:123,0
DA:125,0
DA:135,0
DA:137,0
DA:139,0
DA:140,0
DA:142,0
DA:143,0
DA:150,0
DA:151,0
DA:152,0
DA:155,0
DA:156,0
DA:159,0
DA:160,0
DA:165,0
DA:166,0
DA:168,0
DA:169,0
DA:170,0
DA:171,0
DA:173,0
DA:180,0
DA:181,0
DA:182,0
DA:185,0
LF:64
LH:0
BRDA:39,0,0,0
BRDA:39,0,1,0
BRDA:65,1,0,0
BRDA:65,1,1,0
BRDA:109,2,0,0
BRDA:109,2,1,0
BRDA:110,3,0,0
BRDA:110,3,1,0
BRDA:120,4,0,0
BRDA:120,4,1,0
BRDA:155,5,0,0
BRDA:155,5,1,0
BRF:12
BRH:0
end_of_record
