{"C:\\ANNIE-PROJECT\\JC\\backend-server\\playwrightBooking.js": {"path":"C:\\ANNIE-PROJECT\\JC\\backend-server\\playwrightBooking.js","statementMap":{"0":{"start":{"line":8,"column":21},"end":{"line":8,"column":42}},"1":{"start":{"line":13,"column":25},"end":{"line":20,"column":1}},"2":{"start":{"line":31,"column":2},"end":{"line":38,"column":3}},"3":{"start":{"line":32,"column":4},"end":{"line":37,"column":6}},"4":{"start":{"line":40,"column":2},"end":{"line":45,"column":4}},"5":{"start":{"line":59,"column":2},"end":{"line":208,"column":3}},"6":{"start":{"line":60,"column":4},"end":{"line":60,"column":75}},"7":{"start":{"line":61,"column":4},"end":{"line":61,"column":76}},"8":{"start":{"line":64,"column":24},"end":{"line":64,"column":105}},"9":{"start":{"line":65,"column":4},"end":{"line":65,"column":72}},"10":{"start":{"line":67,"column":4},"end":{"line":67,"column":79}},"11":{"start":{"line":70,"column":4},"end":{"line":70,"column":72}},"12":{"start":{"line":72,"column":4},"end":{"line":72,"column":48}},"13":{"start":{"line":72,"column":27},"end":{"line":72,"column":46}},"14":{"start":{"line":75,"column":4},"end":{"line":77,"column":7}},"15":{"start":{"line":76,"column":6},"end":{"line":76,"column":53}},"16":{"start":{"line":80,"column":28},"end":{"line":195,"column":12}},"17":{"start":{"line":81,"column":22},"end":{"line":81,"column":24}},"18":{"start":{"line":85,"column":22},"end":{"line":85,"column":46}},"19":{"start":{"line":86,"column":21},"end":{"line":86,"column":33}},"20":{"start":{"line":87,"column":23},"end":{"line":87,"column":48}},"21":{"start":{"line":88,"column":29},"end":{"line":88,"column":81}},"22":{"start":{"line":89,"column":28},"end":{"line":89,"column":60}},"23":{"start":{"line":90,"column":8},"end":{"line":90,"column":58}},"24":{"start":{"line":93,"column":31},"end":{"line":93,"column":69}},"25":{"start":{"line":94,"column":6},"end":{"line":94,"column":87}},"26":{"start":{"line":97,"column":20},"end":{"line":97,"column":63}},"27":{"start":{"line":98,"column":6},"end":{"line":101,"column":7}},"28":{"start":{"line":99,"column":8},"end":{"line":99,"column":48}},"29":{"start":{"line":100,"column":8},"end":{"line":100,"column":18}},"30":{"start":{"line":103,"column":19},"end":{"line":103,"column":47}},"31":{"start":{"line":104,"column":6},"end":{"line":107,"column":7}},"32":{"start":{"line":105,"column":8},"end":{"line":105,"column":48}},"33":{"start":{"line":106,"column":8},"end":{"line":106,"column":18}},"34":{"start":{"line":110,"column":24},"end":{"line":110,"column":31}},"35":{"start":{"line":111,"column":27},"end":{"line":111,"column":75}},"36":{"start":{"line":112,"column":27},"end":{"line":112,"column":29}},"37":{"start":{"line":114,"column":6},"end":{"line":120,"column":9}},"38":{"start":{"line":115,"column":21},"end":{"line":115,"column":46}},"39":{"start":{"line":116,"column":27},"end":{"line":116,"column":52}},"40":{"start":{"line":117,"column":8},"end":{"line":119,"column":9}},"41":{"start":{"line":118,"column":10},"end":{"line":118,"column":46}},"42":{"start":{"line":122,"column":6},"end":{"line":122,"column":50}},"43":{"start":{"line":125,"column":22},"end":{"line":125,"column":29}},"44":{"start":{"line":126,"column":25},"end":{"line":126,"column":67}},"45":{"start":{"line":128,"column":6},"end":{"line":128,"column":60}},"46":{"start":{"line":131,"column":6},"end":{"line":192,"column":9}},"47":{"start":{"line":132,"column":28},"end":{"line":132,"column":47}},"48":{"start":{"line":133,"column":8},"end":{"line":133,"column":33}},"49":{"start":{"line":133,"column":26},"end":{"line":133,"column":33}},"50":{"start":{"line":136,"column":26},"end":{"line":136,"column":63}},"51":{"start":{"line":137,"column":8},"end":{"line":137,"column":81}},"52":{"start":{"line":140,"column":8},"end":{"line":191,"column":11}},"53":{"start":{"line":141,"column":27},"end":{"line":141,"column":68}},"54":{"start":{"line":142,"column":10},"end":{"line":142,"column":32}},"55":{"start":{"line":142,"column":25},"end":{"line":142,"column":32}},"56":{"start":{"line":144,"column":31},"end":{"line":144,"column":58}},"57":{"start":{"line":147,"column":10},"end":{"line":190,"column":11}},"58":{"start":{"line":148,"column":12},"end":{"line":148,"column":91}},"59":{"start":{"line":151,"column":26},"end":{"line":151,"column":55}},"60":{"start":{"line":152,"column":28},"end":{"line":152,"column":49}},"61":{"start":{"line":155,"column":29},"end":{"line":155,"column":57}},"62":{"start":{"line":156,"column":29},"end":{"line":156,"column":86}},"63":{"start":{"line":159,"column":34},"end":{"line":159,"column":69}},"64":{"start":{"line":162,"column":29},"end":{"line":162,"column":76}},"65":{"start":{"line":163,"column":35},"end":{"line":163,"column":40}},"66":{"start":{"line":164,"column":12},"end":{"line":176,"column":13}},"67":{"start":{"line":165,"column":24},"end":{"line":165,"column":45}},"68":{"start":{"line":166,"column":24},"end":{"line":166,"column":45}},"69":{"start":{"line":167,"column":24},"end":{"line":167,"column":45}},"70":{"start":{"line":171,"column":29},"end":{"line":171,"column":58}},"71":{"start":{"line":172,"column":29},"end":{"line":172,"column":58}},"72":{"start":{"line":173,"column":29},"end":{"line":173,"column":58}},"73":{"start":{"line":175,"column":14},"end":{"line":175,"column":63}},"74":{"start":{"line":178,"column":12},"end":{"line":178,"column":49}},"75":{"start":{"line":179,"column":12},"end":{"line":179,"column":51}},"76":{"start":{"line":180,"column":12},"end":{"line":180,"column":61}},"77":{"start":{"line":181,"column":12},"end":{"line":181,"column":67}},"78":{"start":{"line":184,"column":12},"end":{"line":189,"column":13}},"79":{"start":{"line":185,"column":14},"end":{"line":185,"column":40}},"80":{"start":{"line":186,"column":14},"end":{"line":186,"column":67}},"81":{"start":{"line":188,"column":14},"end":{"line":188,"column":80}},"82":{"start":{"line":194,"column":6},"end":{"line":194,"column":21}},"83":{"start":{"line":197,"column":4},"end":{"line":197,"column":144}},"84":{"start":{"line":198,"column":4},"end":{"line":198,"column":20}},"85":{"start":{"line":200,"column":4},"end":{"line":200,"column":27}},"86":{"start":{"line":203,"column":4},"end":{"line":203,"column":87}},"87":{"start":{"line":204,"column":4},"end":{"line":204,"column":94}},"88":{"start":{"line":205,"column":4},"end":{"line":205,"column":20}},"89":{"start":{"line":207,"column":4},"end":{"line":207,"column":16}},"90":{"start":{"line":215,"column":2},"end":{"line":422,"column":3}},"91":{"start":{"line":216,"column":4},"end":{"line":216,"column":73}},"92":{"start":{"line":219,"column":19},"end":{"line":219,"column":63}},"93":{"start":{"line":220,"column":4},"end":{"line":220,"column":124}},"94":{"start":{"line":223,"column":28},"end":{"line":223,"column":51}},"95":{"start":{"line":224,"column":4},"end":{"line":227,"column":5}},"96":{"start":{"line":225,"column":6},"end":{"line":225,"column":79}},"97":{"start":{"line":226,"column":6},"end":{"line":226,"column":72}},"98":{"start":{"line":229,"column":4},"end":{"line":229,"column":94}},"99":{"start":{"line":232,"column":22},"end":{"line":232,"column":37}},"100":{"start":{"line":233,"column":26},"end":{"line":233,"column":95}},"101":{"start":{"line":235,"column":27},"end":{"line":235,"column":143}},"102":{"start":{"line":237,"column":4},"end":{"line":237,"column":79}},"103":{"start":{"line":238,"column":4},"end":{"line":238,"column":82}},"104":{"start":{"line":241,"column":4},"end":{"line":241,"column":92}},"105":{"start":{"line":242,"column":4},"end":{"line":242,"column":107}},"106":{"start":{"line":245,"column":4},"end":{"line":249,"column":7}},"107":{"start":{"line":246,"column":6},"end":{"line":246,"column":54}},"108":{"start":{"line":248,"column":6},"end":{"line":248,"column":72}},"109":{"start":{"line":251,"column":4},"end":{"line":251,"column":48}},"110":{"start":{"line":251,"column":27},"end":{"line":251,"column":46}},"111":{"start":{"line":256,"column":28},"end":{"line":256,"column":77}},"112":{"start":{"line":257,"column":4},"end":{"line":257,"column":122}},"113":{"start":{"line":259,"column":4},"end":{"line":286,"column":5}},"114":{"start":{"line":262,"column":28},"end":{"line":262,"column":88}},"115":{"start":{"line":263,"column":6},"end":{"line":263,"column":67}},"116":{"start":{"line":264,"column":6},"end":{"line":264,"column":38}},"117":{"start":{"line":266,"column":6},"end":{"line":266,"column":108}},"118":{"start":{"line":269,"column":6},"end":{"line":269,"column":49}},"119":{"start":{"line":269,"column":29},"end":{"line":269,"column":47}},"120":{"start":{"line":272,"column":31},"end":{"line":272,"column":56}},"121":{"start":{"line":273,"column":6},"end":{"line":273,"column":70}},"122":{"start":{"line":274,"column":6},"end":{"line":274,"column":65}},"123":{"start":{"line":276,"column":6},"end":{"line":276,"column":86}},"124":{"start":{"line":280,"column":6},"end":{"line":280,"column":50}},"125":{"start":{"line":280,"column":29},"end":{"line":280,"column":48}},"126":{"start":{"line":282,"column":6},"end":{"line":282,"column":111}},"127":{"start":{"line":284,"column":6},"end":{"line":284,"column":99}},"128":{"start":{"line":285,"column":6},"end":{"line":285,"column":100}},"129":{"start":{"line":289,"column":4},"end":{"line":289,"column":94}},"130":{"start":{"line":290,"column":23},"end":{"line":297,"column":6}},"131":{"start":{"line":291,"column":22},"end":{"line":291,"column":64}},"132":{"start":{"line":292,"column":20},"end":{"line":292,"column":82}},"133":{"start":{"line":293,"column":6},"end":{"line":293,"column":19}},"134":{"start":{"line":295,"column":6},"end":{"line":295,"column":86}},"135":{"start":{"line":296,"column":6},"end":{"line":296,"column":18}},"136":{"start":{"line":299,"column":4},"end":{"line":301,"column":5}},"137":{"start":{"line":300,"column":6},"end":{"line":300,"column":77}},"138":{"start":{"line":303,"column":4},"end":{"line":303,"column":90}},"139":{"start":{"line":306,"column":17},"end":{"line":306,"column":87}},"140":{"start":{"line":306,"column":62},"end":{"line":306,"column":70}},"141":{"start":{"line":306,"column":84},"end":{"line":306,"column":86}},"142":{"start":{"line":307,"column":19},"end":{"line":307,"column":104}},"143":{"start":{"line":307,"column":79},"end":{"line":307,"column":87}},"144":{"start":{"line":307,"column":101},"end":{"line":307,"column":103}},"145":{"start":{"line":308,"column":21},"end":{"line":308,"column":103}},"146":{"start":{"line":308,"column":78},"end":{"line":308,"column":86}},"147":{"start":{"line":308,"column":100},"end":{"line":308,"column":102}},"148":{"start":{"line":310,"column":31},"end":{"line":310,"column":41}},"149":{"start":{"line":313,"column":20},"end":{"line":313,"column":43}},"150":{"start":{"line":314,"column":25},"end":{"line":314,"column":76}},"151":{"start":{"line":314,"column":42},"end":{"line":314,"column":64}},"152":{"start":{"line":317,"column":4},"end":{"line":317,"column":80}},"153":{"start":{"line":319,"column":4},"end":{"line":321,"column":5}},"154":{"start":{"line":320,"column":6},"end":{"line":320,"column":79}},"155":{"start":{"line":324,"column":21},"end":{"line":324,"column":42}},"156":{"start":{"line":325,"column":4},"end":{"line":325,"column":32}},"157":{"start":{"line":326,"column":4},"end":{"line":326,"column":39}},"158":{"start":{"line":327,"column":4},"end":{"line":327,"column":34}},"159":{"start":{"line":328,"column":4},"end":{"line":328,"column":34}},"160":{"start":{"line":329,"column":4},"end":{"line":329,"column":35}},"161":{"start":{"line":330,"column":4},"end":{"line":330,"column":38}},"162":{"start":{"line":331,"column":4},"end":{"line":331,"column":56}},"163":{"start":{"line":332,"column":4},"end":{"line":332,"column":46}},"164":{"start":{"line":333,"column":4},"end":{"line":333,"column":34}},"165":{"start":{"line":334,"column":4},"end":{"line":334,"column":34}},"166":{"start":{"line":335,"column":4},"end":{"line":335,"column":37}},"167":{"start":{"line":336,"column":4},"end":{"line":336,"column":49}},"168":{"start":{"line":337,"column":4},"end":{"line":337,"column":43}},"169":{"start":{"line":338,"column":4},"end":{"line":338,"column":52}},"170":{"start":{"line":341,"column":4},"end":{"line":341,"column":51}},"171":{"start":{"line":342,"column":4},"end":{"line":342,"column":50}},"172":{"start":{"line":345,"column":4},"end":{"line":350,"column":5}},"173":{"start":{"line":345,"column":17},"end":{"line":345,"column":18}},"174":{"start":{"line":346,"column":6},"end":{"line":346,"column":52}},"175":{"start":{"line":347,"column":6},"end":{"line":347,"column":56}},"176":{"start":{"line":348,"column":6},"end":{"line":348,"column":52}},"177":{"start":{"line":349,"column":6},"end":{"line":349,"column":53}},"178":{"start":{"line":352,"column":4},"end":{"line":352,"column":42}},"179":{"start":{"line":353,"column":4},"end":{"line":353,"column":51}},"180":{"start":{"line":355,"column":27},"end":{"line":369,"column":6}},"181":{"start":{"line":371,"column":27},"end":{"line":371,"column":37}},"182":{"start":{"line":372,"column":20},"end":{"line":372,"column":55}},"183":{"start":{"line":374,"column":4},"end":{"line":374,"column":110}},"184":{"start":{"line":375,"column":4},"end":{"line":375,"column":62}},"185":{"start":{"line":378,"column":19},"end":{"line":378,"column":37}},"186":{"start":{"line":379,"column":18},"end":{"line":379,"column":23}},"187":{"start":{"line":380,"column":20},"end":{"line":380,"column":24}},"188":{"start":{"line":382,"column":4},"end":{"line":393,"column":5}},"189":{"start":{"line":383,"column":23},"end":{"line":383,"column":61}},"190":{"start":{"line":384,"column":6},"end":{"line":392,"column":7}},"191":{"start":{"line":385,"column":8},"end":{"line":385,"column":98}},"192":{"start":{"line":387,"column":8},"end":{"line":391,"column":9}},"193":{"start":{"line":388,"column":10},"end":{"line":388,"column":25}},"194":{"start":{"line":389,"column":33},"end":{"line":389,"column":60}},"195":{"start":{"line":390,"column":10},"end":{"line":390,"column":64}},"196":{"start":{"line":395,"column":4},"end":{"line":413,"column":5}},"197":{"start":{"line":396,"column":6},"end":{"line":396,"column":78}},"198":{"start":{"line":397,"column":6},"end":{"line":397,"column":66}},"199":{"start":{"line":398,"column":6},"end":{"line":405,"column":8}},"200":{"start":{"line":407,"column":6},"end":{"line":407,"column":94}},"201":{"start":{"line":408,"column":6},"end":{"line":412,"column":8}},"202":{"start":{"line":416,"column":4},"end":{"line":416,"column":85}},"203":{"start":{"line":417,"column":4},"end":{"line":421,"column":6}},"204":{"start":{"line":442,"column":116},"end":{"line":442,"column":122}},"205":{"start":{"line":444,"column":2},"end":{"line":444,"column":78}},"206":{"start":{"line":445,"column":2},"end":{"line":445,"column":64}},"207":{"start":{"line":446,"column":2},"end":{"line":446,"column":91}},"208":{"start":{"line":447,"column":2},"end":{"line":447,"column":73}},"209":{"start":{"line":448,"column":2},"end":{"line":448,"column":66}},"210":{"start":{"line":449,"column":2},"end":{"line":449,"column":59}},"211":{"start":{"line":450,"column":2},"end":{"line":450,"column":78}},"212":{"start":{"line":452,"column":16},"end":{"line":452,"column":20}},"213":{"start":{"line":453,"column":16},"end":{"line":453,"column":20}},"214":{"start":{"line":454,"column":13},"end":{"line":454,"column":17}},"215":{"start":{"line":456,"column":2},"end":{"line":620,"column":3}},"216":{"start":{"line":460,"column":4},"end":{"line":460,"column":70}},"217":{"start":{"line":462,"column":4},"end":{"line":465,"column":7}},"218":{"start":{"line":467,"column":4},"end":{"line":467,"column":41}},"219":{"start":{"line":468,"column":4},"end":{"line":468,"column":35}},"220":{"start":{"line":469,"column":4},"end":{"line":469,"column":61}},"221":{"start":{"line":471,"column":4},"end":{"line":471,"column":61}},"222":{"start":{"line":472,"column":4},"end":{"line":472,"column":99}},"223":{"start":{"line":474,"column":4},"end":{"line":474,"column":63}},"224":{"start":{"line":475,"column":26},"end":{"line":475,"column":60}},"225":{"start":{"line":476,"column":4},"end":{"line":476,"column":68}},"226":{"start":{"line":476,"column":24},"end":{"line":476,"column":68}},"227":{"start":{"line":478,"column":4},"end":{"line":478,"column":32}},"228":{"start":{"line":479,"column":4},"end":{"line":479,"column":39}},"229":{"start":{"line":481,"column":26},"end":{"line":481,"column":64}},"230":{"start":{"line":482,"column":4},"end":{"line":482,"column":68}},"231":{"start":{"line":482,"column":24},"end":{"line":482,"column":68}},"232":{"start":{"line":484,"column":4},"end":{"line":484,"column":32}},"233":{"start":{"line":485,"column":4},"end":{"line":485,"column":39}},"234":{"start":{"line":487,"column":4},"end":{"line":487,"column":64}},"235":{"start":{"line":488,"column":24},"end":{"line":491,"column":51}},"236":{"start":{"line":493,"column":4},"end":{"line":493,"column":64}},"237":{"start":{"line":493,"column":22},"end":{"line":493,"column":64}},"238":{"start":{"line":495,"column":4},"end":{"line":495,"column":30}},"239":{"start":{"line":497,"column":4},"end":{"line":501,"column":5}},"240":{"start":{"line":498,"column":6},"end":{"line":498,"column":81}},"241":{"start":{"line":503,"column":4},"end":{"line":503,"column":48}},"242":{"start":{"line":503,"column":27},"end":{"line":503,"column":46}},"243":{"start":{"line":506,"column":23},"end":{"line":506,"column":33}},"244":{"start":{"line":507,"column":4},"end":{"line":507,"column":78}},"245":{"start":{"line":509,"column":4},"end":{"line":511,"column":5}},"246":{"start":{"line":510,"column":6},"end":{"line":510,"column":86}},"247":{"start":{"line":513,"column":4},"end":{"line":513,"column":80}},"248":{"start":{"line":514,"column":4},"end":{"line":514,"column":20}},"249":{"start":{"line":519,"column":4},"end":{"line":519,"column":78}},"250":{"start":{"line":521,"column":28},"end":{"line":521,"column":70}},"251":{"start":{"line":524,"column":26},"end":{"line":524,"column":32}},"252":{"start":{"line":526,"column":4},"end":{"line":560,"column":5}},"253":{"start":{"line":528,"column":6},"end":{"line":528,"column":104}},"254":{"start":{"line":529,"column":6},"end":{"line":529,"column":31}},"255":{"start":{"line":530,"column":11},"end":{"line":560,"column":5}},"256":{"start":{"line":532,"column":6},"end":{"line":532,"column":96}},"257":{"start":{"line":533,"column":6},"end":{"line":533,"column":104}},"258":{"start":{"line":534,"column":6},"end":{"line":534,"column":28}},"259":{"start":{"line":535,"column":6},"end":{"line":539,"column":8}},"260":{"start":{"line":542,"column":6},"end":{"line":542,"column":80}},"261":{"start":{"line":542,"column":47},"end":{"line":542,"column":78}},"262":{"start":{"line":544,"column":26},"end":{"line":544,"column":82}},"263":{"start":{"line":544,"column":49},"end":{"line":544,"column":81}},"264":{"start":{"line":545,"column":6},"end":{"line":547,"column":7}},"265":{"start":{"line":546,"column":8},"end":{"line":546,"column":106}},"266":{"start":{"line":549,"column":6},"end":{"line":557,"column":7}},"267":{"start":{"line":550,"column":8},"end":{"line":550,"column":89}},"268":{"start":{"line":551,"column":8},"end":{"line":551,"column":30}},"269":{"start":{"line":552,"column":8},"end":{"line":556,"column":10}},"270":{"start":{"line":559,"column":6},"end":{"line":559,"column":109}},"271":{"start":{"line":562,"column":4},"end":{"line":562,"column":20}},"272":{"start":{"line":567,"column":4},"end":{"line":567,"column":93}},"273":{"start":{"line":568,"column":4},"end":{"line":568,"column":20}},"274":{"start":{"line":570,"column":22},"end":{"line":570,"column":26}},"275":{"start":{"line":572,"column":4},"end":{"line":588,"column":5}},"276":{"start":{"line":573,"column":21},"end":{"line":573,"column":112}},"277":{"start":{"line":575,"column":6},"end":{"line":587,"column":7}},"278":{"start":{"line":576,"column":8},"end":{"line":576,"column":24}},"279":{"start":{"line":577,"column":8},"end":{"line":577,"column":77}},"280":{"start":{"line":578,"column":8},"end":{"line":578,"column":24}},"281":{"start":{"line":579,"column":8},"end":{"line":579,"column":29}},"282":{"start":{"line":580,"column":8},"end":{"line":580,"column":14}},"283":{"start":{"line":582,"column":8},"end":{"line":582,"column":24}},"284":{"start":{"line":583,"column":8},"end":{"line":583,"column":81}},"285":{"start":{"line":584,"column":8},"end":{"line":584,"column":24}},"286":{"start":{"line":586,"column":8},"end":{"line":586,"column":52}},"287":{"start":{"line":586,"column":31},"end":{"line":586,"column":50}},"288":{"start":{"line":593,"column":4},"end":{"line":593,"column":72}},"289":{"start":{"line":594,"column":4},"end":{"line":594,"column":26}},"290":{"start":{"line":595,"column":4},"end":{"line":595,"column":19}},"291":{"start":{"line":596,"column":4},"end":{"line":596,"column":56}},"292":{"start":{"line":597,"column":4},"end":{"line":597,"column":20}},"293":{"start":{"line":599,"column":4},"end":{"line":606,"column":5}},"294":{"start":{"line":600,"column":6},"end":{"line":600,"column":25}},"295":{"start":{"line":602,"column":6},"end":{"line":605,"column":8}},"296":{"start":{"line":609,"column":4},"end":{"line":609,"column":71}},"297":{"start":{"line":610,"column":4},"end":{"line":610,"column":31}},"298":{"start":{"line":612,"column":4},"end":{"line":614,"column":5}},"299":{"start":{"line":613,"column":6},"end":{"line":613,"column":28}},"300":{"start":{"line":616,"column":4},"end":{"line":619,"column":6}},"301":{"start":{"line":631,"column":2},"end":{"line":678,"column":3}},"302":{"start":{"line":632,"column":16},"end":{"line":632,"column":26}},"303":{"start":{"line":635,"column":4},"end":{"line":663,"column":5}},"304":{"start":{"line":636,"column":6},"end":{"line":636,"column":70}},"305":{"start":{"line":639,"column":6},"end":{"line":662,"column":7}},"306":{"start":{"line":640,"column":25},"end":{"line":640,"column":74}},"307":{"start":{"line":642,"column":8},"end":{"line":654,"column":9}},"308":{"start":{"line":644,"column":10},"end":{"line":653,"column":11}},"309":{"start":{"line":645,"column":12},"end":{"line":645,"column":96}},"310":{"start":{"line":646,"column":12},"end":{"line":646,"column":31}},"311":{"start":{"line":647,"column":17},"end":{"line":653,"column":11}},"312":{"start":{"line":648,"column":12},"end":{"line":648,"column":86}},"313":{"start":{"line":649,"column":12},"end":{"line":649,"column":32}},"314":{"start":{"line":651,"column":12},"end":{"line":651,"column":81}},"315":{"start":{"line":652,"column":12},"end":{"line":652,"column":29}},"316":{"start":{"line":657,"column":8},"end":{"line":657,"column":79}},"317":{"start":{"line":658,"column":8},"end":{"line":658,"column":31}},"318":{"start":{"line":660,"column":8},"end":{"line":660,"column":94}},"319":{"start":{"line":661,"column":8},"end":{"line":661,"column":25}},"320":{"start":{"line":666,"column":4},"end":{"line":673,"column":5}},"321":{"start":{"line":667,"column":6},"end":{"line":667,"column":93}},"322":{"start":{"line":668,"column":6},"end":{"line":668,"column":85}},"323":{"start":{"line":669,"column":6},"end":{"line":669,"column":27}},"324":{"start":{"line":671,"column":6},"end":{"line":671,"column":86}},"325":{"start":{"line":672,"column":6},"end":{"line":672,"column":28}},"326":{"start":{"line":676,"column":4},"end":{"line":676,"column":83}},"327":{"start":{"line":677,"column":4},"end":{"line":677,"column":21}},"328":{"start":{"line":731,"column":116},"end":{"line":731,"column":122}},"329":{"start":{"line":732,"column":58},"end":{"line":732,"column":79}},"330":{"start":{"line":733,"column":35},"end":{"line":733,"column":71}},"331":{"start":{"line":735,"column":2},"end":{"line":735,"column":18}},"332":{"start":{"line":736,"column":2},"end":{"line":736,"column":58}},"333":{"start":{"line":737,"column":2},"end":{"line":737,"column":62}},"334":{"start":{"line":738,"column":2},"end":{"line":738,"column":58}},"335":{"start":{"line":739,"column":2},"end":{"line":739,"column":83}},"336":{"start":{"line":740,"column":2},"end":{"line":740,"column":85}},"337":{"start":{"line":741,"column":2},"end":{"line":741,"column":89}},"338":{"start":{"line":742,"column":2},"end":{"line":742,"column":93}},"339":{"start":{"line":743,"column":2},"end":{"line":743,"column":58}},"340":{"start":{"line":744,"column":2},"end":{"line":744,"column":18}},"341":{"start":{"line":746,"column":12},"end":{"line":746,"column":27}},"342":{"start":{"line":747,"column":22},"end":{"line":747,"column":23}},"343":{"start":{"line":749,"column":16},"end":{"line":749,"column":20}},"344":{"start":{"line":750,"column":16},"end":{"line":750,"column":20}},"345":{"start":{"line":751,"column":13},"end":{"line":751,"column":17}},"346":{"start":{"line":753,"column":2},"end":{"line":1166,"column":3}},"347":{"start":{"line":757,"column":4},"end":{"line":757,"column":37}},"348":{"start":{"line":758,"column":4},"end":{"line":758,"column":69}},"349":{"start":{"line":760,"column":4},"end":{"line":763,"column":7}},"350":{"start":{"line":765,"column":4},"end":{"line":765,"column":41}},"351":{"start":{"line":766,"column":4},"end":{"line":766,"column":35}},"352":{"start":{"line":767,"column":4},"end":{"line":767,"column":61}},"353":{"start":{"line":769,"column":4},"end":{"line":769,"column":99}},"354":{"start":{"line":771,"column":26},"end":{"line":771,"column":60}},"355":{"start":{"line":772,"column":4},"end":{"line":772,"column":68}},"356":{"start":{"line":772,"column":24},"end":{"line":772,"column":68}},"357":{"start":{"line":774,"column":4},"end":{"line":774,"column":32}},"358":{"start":{"line":775,"column":4},"end":{"line":775,"column":39}},"359":{"start":{"line":777,"column":26},"end":{"line":777,"column":64}},"360":{"start":{"line":778,"column":4},"end":{"line":778,"column":68}},"361":{"start":{"line":778,"column":24},"end":{"line":778,"column":68}},"362":{"start":{"line":780,"column":4},"end":{"line":780,"column":32}},"363":{"start":{"line":781,"column":4},"end":{"line":781,"column":39}},"364":{"start":{"line":783,"column":24},"end":{"line":786,"column":51}},"365":{"start":{"line":788,"column":4},"end":{"line":788,"column":64}},"366":{"start":{"line":788,"column":22},"end":{"line":788,"column":64}},"367":{"start":{"line":790,"column":4},"end":{"line":790,"column":30}},"368":{"start":{"line":792,"column":4},"end":{"line":796,"column":5}},"369":{"start":{"line":793,"column":6},"end":{"line":793,"column":81}},"370":{"start":{"line":798,"column":4},"end":{"line":798,"column":48}},"371":{"start":{"line":798,"column":27},"end":{"line":798,"column":46}},"372":{"start":{"line":800,"column":23},"end":{"line":800,"column":33}},"373":{"start":{"line":801,"column":4},"end":{"line":803,"column":5}},"374":{"start":{"line":802,"column":6},"end":{"line":802,"column":59}},"375":{"start":{"line":805,"column":4},"end":{"line":805,"column":71}},"376":{"start":{"line":810,"column":4},"end":{"line":810,"column":37}},"377":{"start":{"line":811,"column":4},"end":{"line":811,"column":65}},"378":{"start":{"line":813,"column":28},"end":{"line":813,"column":70}},"379":{"start":{"line":815,"column":26},"end":{"line":815,"column":32}},"380":{"start":{"line":817,"column":4},"end":{"line":845,"column":5}},"381":{"start":{"line":819,"column":6},"end":{"line":819,"column":87}},"382":{"start":{"line":820,"column":6},"end":{"line":820,"column":31}},"383":{"start":{"line":821,"column":11},"end":{"line":845,"column":5}},"384":{"start":{"line":823,"column":6},"end":{"line":823,"column":69}},"385":{"start":{"line":824,"column":6},"end":{"line":824,"column":28}},"386":{"start":{"line":825,"column":6},"end":{"line":829,"column":8}},"387":{"start":{"line":832,"column":6},"end":{"line":832,"column":80}},"388":{"start":{"line":832,"column":47},"end":{"line":832,"column":78}},"389":{"start":{"line":834,"column":6},"end":{"line":842,"column":7}},"390":{"start":{"line":835,"column":8},"end":{"line":835,"column":86}},"391":{"start":{"line":836,"column":8},"end":{"line":836,"column":30}},"392":{"start":{"line":837,"column":8},"end":{"line":841,"column":10}},"393":{"start":{"line":844,"column":6},"end":{"line":844,"column":86}},"394":{"start":{"line":850,"column":4},"end":{"line":850,"column":36}},"395":{"start":{"line":851,"column":4},"end":{"line":851,"column":82}},"396":{"start":{"line":853,"column":23},"end":{"line":853,"column":52}},"397":{"start":{"line":854,"column":26},"end":{"line":854,"column":52}},"398":{"start":{"line":856,"column":4},"end":{"line":856,"column":91}},"399":{"start":{"line":859,"column":20},"end":{"line":859,"column":43}},"400":{"start":{"line":860,"column":25},"end":{"line":860,"column":76}},"401":{"start":{"line":860,"column":42},"end":{"line":860,"column":64}},"402":{"start":{"line":863,"column":22},"end":{"line":863,"column":37}},"403":{"start":{"line":864,"column":26},"end":{"line":864,"column":95}},"404":{"start":{"line":867,"column":19},"end":{"line":867,"column":63}},"405":{"start":{"line":868,"column":28},"end":{"line":868,"column":77}},"406":{"start":{"line":870,"column":22},"end":{"line":870,"column":26}},"407":{"start":{"line":875,"column":4},"end":{"line":1136,"column":5}},"408":{"start":{"line":876,"column":30},"end":{"line":876,"column":53}},"409":{"start":{"line":877,"column":29},"end":{"line":877,"column":145}},"410":{"start":{"line":879,"column":6},"end":{"line":879,"column":22}},"411":{"start":{"line":880,"column":6},"end":{"line":880,"column":62}},"412":{"start":{"line":881,"column":6},"end":{"line":881,"column":59}},"413":{"start":{"line":882,"column":6},"end":{"line":882,"column":62}},"414":{"start":{"line":884,"column":23},"end":{"line":884,"column":24}},"415":{"start":{"line":886,"column":6},"end":{"line":1130,"column":7}},"416":{"start":{"line":887,"column":8},"end":{"line":1129,"column":9}},"417":{"start":{"line":891,"column":10},"end":{"line":899,"column":11}},"418":{"start":{"line":893,"column":33},"end":{"line":893,"column":50}},"419":{"start":{"line":894,"column":12},"end":{"line":894,"column":48}},"420":{"start":{"line":895,"column":12},"end":{"line":895,"column":100}},"421":{"start":{"line":898,"column":12},"end":{"line":898,"column":114}},"422":{"start":{"line":901,"column":10},"end":{"line":901,"column":88}},"423":{"start":{"line":906,"column":27},"end":{"line":906,"column":53}},"424":{"start":{"line":907,"column":10},"end":{"line":907,"column":69}},"425":{"start":{"line":912,"column":10},"end":{"line":1120,"column":11}},"426":{"start":{"line":913,"column":12},"end":{"line":913,"column":109}},"427":{"start":{"line":916,"column":12},"end":{"line":916,"column":116}},"428":{"start":{"line":917,"column":12},"end":{"line":924,"column":13}},"429":{"start":{"line":918,"column":36},"end":{"line":918,"column":96}},"430":{"start":{"line":919,"column":14},"end":{"line":919,"column":75}},"431":{"start":{"line":920,"column":14},"end":{"line":920,"column":46}},"432":{"start":{"line":921,"column":14},"end":{"line":921,"column":84}},"433":{"start":{"line":923,"column":14},"end":{"line":923,"column":93}},"434":{"start":{"line":927,"column":12},"end":{"line":927,"column":84}},"435":{"start":{"line":928,"column":12},"end":{"line":928,"column":56}},"436":{"start":{"line":928,"column":35},"end":{"line":928,"column":54}},"437":{"start":{"line":931,"column":12},"end":{"line":931,"column":97}},"438":{"start":{"line":932,"column":12},"end":{"line":939,"column":13}},"439":{"start":{"line":933,"column":39},"end":{"line":933,"column":64}},"440":{"start":{"line":934,"column":14},"end":{"line":934,"column":78}},"441":{"start":{"line":935,"column":14},"end":{"line":935,"column":73}},"442":{"start":{"line":936,"column":14},"end":{"line":936,"column":86}},"443":{"start":{"line":938,"column":14},"end":{"line":938,"column":86}},"444":{"start":{"line":942,"column":12},"end":{"line":942,"column":99}},"445":{"start":{"line":943,"column":12},"end":{"line":943,"column":56}},"446":{"start":{"line":943,"column":35},"end":{"line":943,"column":54}},"447":{"start":{"line":946,"column":12},"end":{"line":946,"column":73}},"448":{"start":{"line":947,"column":25},"end":{"line":947,"column":95}},"449":{"start":{"line":947,"column":70},"end":{"line":947,"column":78}},"450":{"start":{"line":947,"column":92},"end":{"line":947,"column":94}},"451":{"start":{"line":948,"column":27},"end":{"line":948,"column":112}},"452":{"start":{"line":948,"column":87},"end":{"line":948,"column":95}},"453":{"start":{"line":948,"column":109},"end":{"line":948,"column":111}},"454":{"start":{"line":949,"column":29},"end":{"line":949,"column":111}},"455":{"start":{"line":949,"column":86},"end":{"line":949,"column":94}},"456":{"start":{"line":949,"column":108},"end":{"line":949,"column":110}},"457":{"start":{"line":951,"column":12},"end":{"line":955,"column":13}},"458":{"start":{"line":952,"column":14},"end":{"line":952,"column":80}},"459":{"start":{"line":953,"column":14},"end":{"line":953,"column":27}},"460":{"start":{"line":954,"column":14},"end":{"line":954,"column":23}},"461":{"start":{"line":957,"column":12},"end":{"line":957,"column":125}},"462":{"start":{"line":960,"column":12},"end":{"line":960,"column":84}},"463":{"start":{"line":961,"column":12},"end":{"line":965,"column":15}},"464":{"start":{"line":962,"column":14},"end":{"line":962,"column":62}},"465":{"start":{"line":964,"column":14},"end":{"line":964,"column":72}},"466":{"start":{"line":968,"column":12},"end":{"line":968,"column":83}},"467":{"start":{"line":969,"column":31},"end":{"line":976,"column":14}},"468":{"start":{"line":970,"column":30},"end":{"line":970,"column":72}},"469":{"start":{"line":971,"column":28},"end":{"line":971,"column":90}},"470":{"start":{"line":972,"column":14},"end":{"line":972,"column":27}},"471":{"start":{"line":974,"column":14},"end":{"line":974,"column":87}},"472":{"start":{"line":975,"column":14},"end":{"line":975,"column":26}},"473":{"start":{"line":978,"column":12},"end":{"line":982,"column":13}},"474":{"start":{"line":979,"column":14},"end":{"line":979,"column":78}},"475":{"start":{"line":980,"column":14},"end":{"line":980,"column":27}},"476":{"start":{"line":981,"column":14},"end":{"line":981,"column":23}},"477":{"start":{"line":984,"column":12},"end":{"line":984,"column":92}},"478":{"start":{"line":987,"column":12},"end":{"line":987,"column":93}},"479":{"start":{"line":988,"column":12},"end":{"line":988,"column":34}},"480":{"start":{"line":989,"column":12},"end":{"line":989,"column":27}},"481":{"start":{"line":992,"column":12},"end":{"line":992,"column":78}},"482":{"start":{"line":993,"column":29},"end":{"line":993,"column":50}},"483":{"start":{"line":994,"column":12},"end":{"line":994,"column":40}},"484":{"start":{"line":995,"column":12},"end":{"line":995,"column":47}},"485":{"start":{"line":996,"column":12},"end":{"line":996,"column":42}},"486":{"start":{"line":997,"column":12},"end":{"line":997,"column":42}},"487":{"start":{"line":998,"column":12},"end":{"line":998,"column":43}},"488":{"start":{"line":999,"column":12},"end":{"line":999,"column":46}},"489":{"start":{"line":1000,"column":12},"end":{"line":1000,"column":64}},"490":{"start":{"line":1001,"column":12},"end":{"line":1001,"column":54}},"491":{"start":{"line":1002,"column":12},"end":{"line":1002,"column":42}},"492":{"start":{"line":1003,"column":12},"end":{"line":1003,"column":42}},"493":{"start":{"line":1004,"column":12},"end":{"line":1004,"column":45}},"494":{"start":{"line":1005,"column":12},"end":{"line":1005,"column":57}},"495":{"start":{"line":1006,"column":12},"end":{"line":1006,"column":51}},"496":{"start":{"line":1007,"column":12},"end":{"line":1007,"column":60}},"497":{"start":{"line":1010,"column":12},"end":{"line":1010,"column":59}},"498":{"start":{"line":1011,"column":12},"end":{"line":1011,"column":58}},"499":{"start":{"line":1014,"column":12},"end":{"line":1019,"column":13}},"500":{"start":{"line":1014,"column":25},"end":{"line":1014,"column":26}},"501":{"start":{"line":1015,"column":14},"end":{"line":1015,"column":60}},"502":{"start":{"line":1016,"column":14},"end":{"line":1016,"column":64}},"503":{"start":{"line":1017,"column":14},"end":{"line":1017,"column":60}},"504":{"start":{"line":1018,"column":14},"end":{"line":1018,"column":61}},"505":{"start":{"line":1021,"column":12},"end":{"line":1021,"column":50}},"506":{"start":{"line":1022,"column":12},"end":{"line":1022,"column":59}},"507":{"start":{"line":1025,"column":12},"end":{"line":1025,"column":84}},"508":{"start":{"line":1026,"column":32},"end":{"line":1026,"column":54}},"509":{"start":{"line":1028,"column":35},"end":{"line":1042,"column":14}},"510":{"start":{"line":1044,"column":30},"end":{"line":1044,"column":52}},"511":{"start":{"line":1047,"column":12},"end":{"line":1047,"column":67}},"512":{"start":{"line":1048,"column":27},"end":{"line":1048,"column":45}},"513":{"start":{"line":1049,"column":26},"end":{"line":1049,"column":31}},"514":{"start":{"line":1050,"column":28},"end":{"line":1050,"column":32}},"515":{"start":{"line":1052,"column":12},"end":{"line":1063,"column":13}},"516":{"start":{"line":1053,"column":31},"end":{"line":1053,"column":69}},"517":{"start":{"line":1054,"column":14},"end":{"line":1062,"column":15}},"518":{"start":{"line":1055,"column":16},"end":{"line":1055,"column":106}},"519":{"start":{"line":1057,"column":16},"end":{"line":1061,"column":17}},"520":{"start":{"line":1058,"column":18},"end":{"line":1058,"column":33}},"521":{"start":{"line":1059,"column":41},"end":{"line":1059,"column":68}},"522":{"start":{"line":1060,"column":18},"end":{"line":1060,"column":72}},"523":{"start":{"line":1065,"column":12},"end":{"line":1065,"column":28}},"524":{"start":{"line":1066,"column":12},"end":{"line":1066,"column":68}},"525":{"start":{"line":1067,"column":12},"end":{"line":1067,"column":74}},"526":{"start":{"line":1068,"column":12},"end":{"line":1068,"column":68}},"527":{"start":{"line":1069,"column":12},"end":{"line":1069,"column":84}},"528":{"start":{"line":1070,"column":12},"end":{"line":1070,"column":98}},"529":{"start":{"line":1071,"column":12},"end":{"line":1071,"column":96}},"530":{"start":{"line":1072,"column":12},"end":{"line":1072,"column":88}},"531":{"start":{"line":1073,"column":12},"end":{"line":1073,"column":97}},"532":{"start":{"line":1074,"column":12},"end":{"line":1076,"column":13}},"533":{"start":{"line":1075,"column":14},"end":{"line":1075,"column":74}},"534":{"start":{"line":1077,"column":12},"end":{"line":1077,"column":68}},"535":{"start":{"line":1078,"column":12},"end":{"line":1078,"column":28}},"536":{"start":{"line":1080,"column":12},"end":{"line":1095,"column":13}},"537":{"start":{"line":1082,"column":14},"end":{"line":1089,"column":16}},"538":{"start":{"line":1090,"column":14},"end":{"line":1090,"column":33}},"539":{"start":{"line":1093,"column":14},"end":{"line":1093,"column":96}},"540":{"start":{"line":1094,"column":14},"end":{"line":1094,"column":20}},"541":{"start":{"line":1097,"column":17},"end":{"line":1120,"column":11}},"542":{"start":{"line":1098,"column":12},"end":{"line":1098,"column":97}},"543":{"start":{"line":1099,"column":12},"end":{"line":1099,"column":25}},"544":{"start":{"line":1100,"column":12},"end":{"line":1100,"column":21}},"545":{"start":{"line":1102,"column":17},"end":{"line":1120,"column":11}},"546":{"start":{"line":1103,"column":12},"end":{"line":1103,"column":115}},"547":{"start":{"line":1104,"column":12},"end":{"line":1104,"column":18}},"548":{"start":{"line":1106,"column":17},"end":{"line":1120,"column":11}},"549":{"start":{"line":1107,"column":12},"end":{"line":1107,"column":115}},"550":{"start":{"line":1108,"column":12},"end":{"line":1108,"column":18}},"551":{"start":{"line":1110,"column":17},"end":{"line":1120,"column":11}},"552":{"start":{"line":1111,"column":12},"end":{"line":1111,"column":100}},"553":{"start":{"line":1112,"column":12},"end":{"line":1112,"column":25}},"554":{"start":{"line":1113,"column":12},"end":{"line":1113,"column":21}},"555":{"start":{"line":1117,"column":12},"end":{"line":1117,"column":97}},"556":{"start":{"line":1118,"column":12},"end":{"line":1118,"column":25}},"557":{"start":{"line":1119,"column":12},"end":{"line":1119,"column":21}},"558":{"start":{"line":1123,"column":10},"end":{"line":1123,"column":91}},"559":{"start":{"line":1124,"column":10},"end":{"line":1124,"column":23}},"560":{"start":{"line":1125,"column":10},"end":{"line":1128,"column":11}},"561":{"start":{"line":1126,"column":12},"end":{"line":1126,"column":103}},"562":{"start":{"line":1127,"column":12},"end":{"line":1127,"column":18}},"563":{"start":{"line":1133,"column":6},"end":{"line":1135,"column":7}},"564":{"start":{"line":1134,"column":8},"end":{"line":1134,"column":87}},"565":{"start":{"line":1139,"column":4},"end":{"line":1142,"column":5}},"566":{"start":{"line":1140,"column":6},"end":{"line":1140,"column":28}},"567":{"start":{"line":1141,"column":6},"end":{"line":1141,"column":21}},"568":{"start":{"line":1144,"column":4},"end":{"line":1152,"column":5}},"569":{"start":{"line":1145,"column":6},"end":{"line":1145,"column":25}},"570":{"start":{"line":1147,"column":6},"end":{"line":1151,"column":8}},"571":{"start":{"line":1155,"column":4},"end":{"line":1155,"column":63}},"572":{"start":{"line":1156,"column":4},"end":{"line":1156,"column":31}},"573":{"start":{"line":1158,"column":4},"end":{"line":1160,"column":5}},"574":{"start":{"line":1159,"column":6},"end":{"line":1159,"column":28}},"575":{"start":{"line":1162,"column":4},"end":{"line":1165,"column":6}},"576":{"start":{"line":1175,"column":35},"end":{"line":1175,"column":56}},"577":{"start":{"line":1177,"column":14},"end":{"line":1177,"column":36}},"578":{"start":{"line":1178,"column":18},"end":{"line":1178,"column":39}},"579":{"start":{"line":1180,"column":2},"end":{"line":1182,"column":3}},"580":{"start":{"line":1181,"column":4},"end":{"line":1181,"column":63}},"581":{"start":{"line":1181,"column":33},"end":{"line":1181,"column":61}},"582":{"start":{"line":1192,"column":35},"end":{"line":1192,"column":56}},"583":{"start":{"line":1193,"column":35},"end":{"line":1193,"column":71}},"584":{"start":{"line":1195,"column":14},"end":{"line":1195,"column":36}},"585":{"start":{"line":1196,"column":2},"end":{"line":1196,"column":51}},"586":{"start":{"line":1197,"column":2},"end":{"line":1197,"column":63}},"587":{"start":{"line":1200,"column":0},"end":{"line":1206,"column":2}}},"fnMap":{"0":{"name":"getBookingConfig","decl":{"start":{"line":30,"column":9},"end":{"line":30,"column":25}},"loc":{"start":{"line":30,"column":54},"end":{"line":46,"column":1}},"line":30},"1":{"name":"getAvailableCourts","decl":{"start":{"line":58,"column":15},"end":{"line":58,"column":33}},"loc":{"start":{"line":58,"column":52},"end":{"line":209,"column":1}},"line":58},"2":{"name":"(anonymous_2)","decl":{"start":{"line":72,"column":22},"end":{"line":72,"column":23}},"loc":{"start":{"line":72,"column":27},"end":{"line":72,"column":46}},"line":72},"3":{"name":"(anonymous_3)","decl":{"start":{"line":75,"column":23},"end":{"line":75,"column":24}},"loc":{"start":{"line":75,"column":30},"end":{"line":77,"column":5}},"line":75},"4":{"name":"(anonymous_4)","decl":{"start":{"line":80,"column":48},"end":{"line":80,"column":49}},"loc":{"start":{"line":80,"column":71},"end":{"line":195,"column":5}},"line":80},"5":{"name":"minutesToTimeString","decl":{"start":{"line":84,"column":15},"end":{"line":84,"column":34}},"loc":{"start":{"line":84,"column":44},"end":{"line":91,"column":7}},"line":84},"6":{"name":"(anonymous_6)","decl":{"start":{"line":114,"column":27},"end":{"line":114,"column":28}},"loc":{"start":{"line":114,"column":46},"end":{"line":120,"column":7}},"line":114},"7":{"name":"(anonymous_7)","decl":{"start":{"line":131,"column":25},"end":{"line":131,"column":26}},"loc":{"start":{"line":131,"column":42},"end":{"line":192,"column":7}},"line":131},"8":{"name":"(anonymous_8)","decl":{"start":{"line":140,"column":26},"end":{"line":140,"column":27}},"loc":{"start":{"line":140,"column":34},"end":{"line":191,"column":9}},"line":140},"9":{"name":"tryBookCourt","decl":{"start":{"line":214,"column":15},"end":{"line":214,"column":27}},"loc":{"start":{"line":214,"column":101},"end":{"line":423,"column":1}},"line":214},"10":{"name":"(anonymous_10)","decl":{"start":{"line":245,"column":31},"end":{"line":245,"column":32}},"loc":{"start":{"line":245,"column":37},"end":{"line":247,"column":5}},"line":245},"11":{"name":"(anonymous_11)","decl":{"start":{"line":247,"column":33},"end":{"line":247,"column":34}},"loc":{"start":{"line":247,"column":39},"end":{"line":249,"column":5}},"line":247},"12":{"name":"(anonymous_12)","decl":{"start":{"line":251,"column":22},"end":{"line":251,"column":23}},"loc":{"start":{"line":251,"column":27},"end":{"line":251,"column":46}},"line":251},"13":{"name":"(anonymous_13)","decl":{"start":{"line":269,"column":24},"end":{"line":269,"column":25}},"loc":{"start":{"line":269,"column":29},"end":{"line":269,"column":47}},"line":269},"14":{"name":"(anonymous_14)","decl":{"start":{"line":280,"column":24},"end":{"line":280,"column":25}},"loc":{"start":{"line":280,"column":29},"end":{"line":280,"column":48}},"line":280},"15":{"name":"(anonymous_15)","decl":{"start":{"line":290,"column":43},"end":{"line":290,"column":44}},"loc":{"start":{"line":290,"column":55},"end":{"line":294,"column":5}},"line":290},"16":{"name":"(anonymous_16)","decl":{"start":{"line":294,"column":13},"end":{"line":294,"column":14}},"loc":{"start":{"line":294,"column":20},"end":{"line":297,"column":5}},"line":294},"17":{"name":"(anonymous_17)","decl":{"start":{"line":306,"column":56},"end":{"line":306,"column":57}},"loc":{"start":{"line":306,"column":62},"end":{"line":306,"column":70}},"line":306},"18":{"name":"(anonymous_18)","decl":{"start":{"line":306,"column":78},"end":{"line":306,"column":79}},"loc":{"start":{"line":306,"column":84},"end":{"line":306,"column":86}},"line":306},"19":{"name":"(anonymous_19)","decl":{"start":{"line":307,"column":73},"end":{"line":307,"column":74}},"loc":{"start":{"line":307,"column":79},"end":{"line":307,"column":87}},"line":307},"20":{"name":"(anonymous_20)","decl":{"start":{"line":307,"column":95},"end":{"line":307,"column":96}},"loc":{"start":{"line":307,"column":101},"end":{"line":307,"column":103}},"line":307},"21":{"name":"(anonymous_21)","decl":{"start":{"line":308,"column":72},"end":{"line":308,"column":73}},"loc":{"start":{"line":308,"column":78},"end":{"line":308,"column":86}},"line":308},"22":{"name":"(anonymous_22)","decl":{"start":{"line":308,"column":94},"end":{"line":308,"column":95}},"loc":{"start":{"line":308,"column":100},"end":{"line":308,"column":102}},"line":308},"23":{"name":"(anonymous_23)","decl":{"start":{"line":314,"column":37},"end":{"line":314,"column":38}},"loc":{"start":{"line":314,"column":42},"end":{"line":314,"column":64}},"line":314},"24":{"name":"executeBooking","decl":{"start":{"line":441,"column":15},"end":{"line":441,"column":29}},"loc":{"start":{"line":441,"column":38},"end":{"line":621,"column":1}},"line":441},"25":{"name":"(anonymous_25)","decl":{"start":{"line":503,"column":22},"end":{"line":503,"column":23}},"loc":{"start":{"line":503,"column":27},"end":{"line":503,"column":46}},"line":503},"26":{"name":"(anonymous_26)","decl":{"start":{"line":542,"column":38},"end":{"line":542,"column":39}},"loc":{"start":{"line":542,"column":47},"end":{"line":542,"column":78}},"line":542},"27":{"name":"(anonymous_27)","decl":{"start":{"line":544,"column":40},"end":{"line":544,"column":41}},"loc":{"start":{"line":544,"column":49},"end":{"line":544,"column":81}},"line":544},"28":{"name":"(anonymous_28)","decl":{"start":{"line":586,"column":26},"end":{"line":586,"column":27}},"loc":{"start":{"line":586,"column":31},"end":{"line":586,"column":50}},"line":586},"29":{"name":"detectPageType","decl":{"start":{"line":630,"column":15},"end":{"line":630,"column":29}},"loc":{"start":{"line":630,"column":36},"end":{"line":679,"column":1}},"line":630},"30":{"name":"executeBookingPrecisionTimed","decl":{"start":{"line":730,"column":15},"end":{"line":730,"column":43}},"loc":{"start":{"line":730,"column":69},"end":{"line":1167,"column":1}},"line":730},"31":{"name":"(anonymous_31)","decl":{"start":{"line":798,"column":22},"end":{"line":798,"column":23}},"loc":{"start":{"line":798,"column":27},"end":{"line":798,"column":46}},"line":798},"32":{"name":"(anonymous_32)","decl":{"start":{"line":832,"column":38},"end":{"line":832,"column":39}},"loc":{"start":{"line":832,"column":47},"end":{"line":832,"column":78}},"line":832},"33":{"name":"(anonymous_33)","decl":{"start":{"line":860,"column":37},"end":{"line":860,"column":38}},"loc":{"start":{"line":860,"column":42},"end":{"line":860,"column":64}},"line":860},"34":{"name":"(anonymous_34)","decl":{"start":{"line":928,"column":30},"end":{"line":928,"column":31}},"loc":{"start":{"line":928,"column":35},"end":{"line":928,"column":54}},"line":928},"35":{"name":"(anonymous_35)","decl":{"start":{"line":943,"column":30},"end":{"line":943,"column":31}},"loc":{"start":{"line":943,"column":35},"end":{"line":943,"column":54}},"line":943},"36":{"name":"(anonymous_36)","decl":{"start":{"line":947,"column":64},"end":{"line":947,"column":65}},"loc":{"start":{"line":947,"column":70},"end":{"line":947,"column":78}},"line":947},"37":{"name":"(anonymous_37)","decl":{"start":{"line":947,"column":86},"end":{"line":947,"column":87}},"loc":{"start":{"line":947,"column":92},"end":{"line":947,"column":94}},"line":947},"38":{"name":"(anonymous_38)","decl":{"start":{"line":948,"column":81},"end":{"line":948,"column":82}},"loc":{"start":{"line":948,"column":87},"end":{"line":948,"column":95}},"line":948},"39":{"name":"(anonymous_39)","decl":{"start":{"line":948,"column":103},"end":{"line":948,"column":104}},"loc":{"start":{"line":948,"column":109},"end":{"line":948,"column":111}},"line":948},"40":{"name":"(anonymous_40)","decl":{"start":{"line":949,"column":80},"end":{"line":949,"column":81}},"loc":{"start":{"line":949,"column":86},"end":{"line":949,"column":94}},"line":949},"41":{"name":"(anonymous_41)","decl":{"start":{"line":949,"column":102},"end":{"line":949,"column":103}},"loc":{"start":{"line":949,"column":108},"end":{"line":949,"column":110}},"line":949},"42":{"name":"(anonymous_42)","decl":{"start":{"line":961,"column":39},"end":{"line":961,"column":40}},"loc":{"start":{"line":961,"column":45},"end":{"line":963,"column":13}},"line":961},"43":{"name":"(anonymous_43)","decl":{"start":{"line":963,"column":41},"end":{"line":963,"column":42}},"loc":{"start":{"line":963,"column":47},"end":{"line":965,"column":13}},"line":963},"44":{"name":"(anonymous_44)","decl":{"start":{"line":969,"column":51},"end":{"line":969,"column":52}},"loc":{"start":{"line":969,"column":63},"end":{"line":973,"column":13}},"line":969},"45":{"name":"(anonymous_45)","decl":{"start":{"line":973,"column":21},"end":{"line":973,"column":22}},"loc":{"start":{"line":973,"column":28},"end":{"line":976,"column":13}},"line":973},"46":{"name":"waitUntilSynced","decl":{"start":{"line":1174,"column":15},"end":{"line":1174,"column":30}},"loc":{"start":{"line":1174,"column":48},"end":{"line":1183,"column":1}},"line":1174},"47":{"name":"(anonymous_47)","decl":{"start":{"line":1181,"column":22},"end":{"line":1181,"column":23}},"loc":{"start":{"line":1181,"column":33},"end":{"line":1181,"column":61}},"line":1181},"48":{"name":"logPrecisionEvent","decl":{"start":{"line":1191,"column":9},"end":{"line":1191,"column":26}},"loc":{"start":{"line":1191,"column":44},"end":{"line":1198,"column":1}},"line":1191}},"branchMap":{"0":{"loc":{"start":{"line":31,"column":2},"end":{"line":38,"column":3}},"type":"if","locations":[{"start":{"line":31,"column":2},"end":{"line":38,"column":3}},{"start":{},"end":{}}],"line":31},"1":{"loc":{"start":{"line":31,"column":6},"end":{"line":31,"column":56}},"type":"binary-expr","locations":[{"start":{"line":31,"column":6},"end":{"line":31,"column":31}},{"start":{"line":31,"column":35},"end":{"line":31,"column":56}}],"line":31},"2":{"loc":{"start":{"line":87,"column":23},"end":{"line":87,"column":48}},"type":"cond-expr","locations":[{"start":{"line":87,"column":37},"end":{"line":87,"column":41}},{"start":{"line":87,"column":44},"end":{"line":87,"column":48}}],"line":87},"3":{"loc":{"start":{"line":88,"column":29},"end":{"line":88,"column":81}},"type":"cond-expr","locations":[{"start":{"line":88,"column":42},"end":{"line":88,"column":52}},{"start":{"line":88,"column":56},"end":{"line":88,"column":80}}],"line":88},"4":{"loc":{"start":{"line":88,"column":56},"end":{"line":88,"column":80}},"type":"cond-expr","locations":[{"start":{"line":88,"column":70},"end":{"line":88,"column":72}},{"start":{"line":88,"column":75},"end":{"line":88,"column":80}}],"line":88},"5":{"loc":{"start":{"line":98,"column":6},"end":{"line":101,"column":7}},"type":"if","locations":[{"start":{"line":98,"column":6},"end":{"line":101,"column":7}},{"start":{},"end":{}}],"line":98},"6":{"loc":{"start":{"line":104,"column":6},"end":{"line":107,"column":7}},"type":"if","locations":[{"start":{"line":104,"column":6},"end":{"line":107,"column":7}},{"start":{},"end":{}}],"line":104},"7":{"loc":{"start":{"line":117,"column":8},"end":{"line":119,"column":9}},"type":"if","locations":[{"start":{"line":117,"column":8},"end":{"line":119,"column":9}},{"start":{},"end":{}}],"line":117},"8":{"loc":{"start":{"line":133,"column":8},"end":{"line":133,"column":33}},"type":"if","locations":[{"start":{"line":133,"column":8},"end":{"line":133,"column":33}},{"start":{},"end":{}}],"line":133},"9":{"loc":{"start":{"line":142,"column":10},"end":{"line":142,"column":32}},"type":"if","locations":[{"start":{"line":142,"column":10},"end":{"line":142,"column":32}},{"start":{},"end":{}}],"line":142},"10":{"loc":{"start":{"line":147,"column":10},"end":{"line":190,"column":11}},"type":"if","locations":[{"start":{"line":147,"column":10},"end":{"line":190,"column":11}},{"start":{},"end":{}}],"line":147},"11":{"loc":{"start":{"line":156,"column":29},"end":{"line":156,"column":86}},"type":"cond-expr","locations":[{"start":{"line":156,"column":40},"end":{"line":156,"column":78}},{"start":{"line":156,"column":81},"end":{"line":156,"column":86}}],"line":156},"12":{"loc":{"start":{"line":164,"column":12},"end":{"line":176,"column":13}},"type":"if","locations":[{"start":{"line":164,"column":12},"end":{"line":176,"column":13}},{"start":{},"end":{}}],"line":164},"13":{"loc":{"start":{"line":171,"column":29},"end":{"line":171,"column":58}},"type":"binary-expr","locations":[{"start":{"line":171,"column":29},"end":{"line":171,"column":36}},{"start":{"line":171,"column":40},"end":{"line":171,"column":47}},{"start":{"line":171,"column":51},"end":{"line":171,"column":58}}],"line":171},"14":{"loc":{"start":{"line":172,"column":29},"end":{"line":172,"column":58}},"type":"binary-expr","locations":[{"start":{"line":172,"column":29},"end":{"line":172,"column":36}},{"start":{"line":172,"column":40},"end":{"line":172,"column":47}},{"start":{"line":172,"column":51},"end":{"line":172,"column":58}}],"line":172},"15":{"loc":{"start":{"line":173,"column":29},"end":{"line":173,"column":58}},"type":"binary-expr","locations":[{"start":{"line":173,"column":29},"end":{"line":173,"column":36}},{"start":{"line":173,"column":40},"end":{"line":173,"column":47}},{"start":{"line":173,"column":51},"end":{"line":173,"column":58}}],"line":173},"16":{"loc":{"start":{"line":175,"column":33},"end":{"line":175,"column":62}},"type":"binary-expr","locations":[{"start":{"line":175,"column":33},"end":{"line":175,"column":40}},{"start":{"line":175,"column":44},"end":{"line":175,"column":51}},{"start":{"line":175,"column":55},"end":{"line":175,"column":62}}],"line":175},"17":{"loc":{"start":{"line":184,"column":12},"end":{"line":189,"column":13}},"type":"if","locations":[{"start":{"line":184,"column":12},"end":{"line":189,"column":13}},{"start":{"line":187,"column":19},"end":{"line":189,"column":13}}],"line":184},"18":{"loc":{"start":{"line":184,"column":16},"end":{"line":184,"column":63}},"type":"binary-expr","locations":[{"start":{"line":184,"column":16},"end":{"line":184,"column":32}},{"start":{"line":184,"column":36},"end":{"line":184,"column":45}},{"start":{"line":184,"column":49},"end":{"line":184,"column":63}}],"line":184},"19":{"loc":{"start":{"line":197,"column":76},"end":{"line":197,"column":140}},"type":"cond-expr","locations":[{"start":{"line":197,"column":105},"end":{"line":197,"column":131}},{"start":{"line":197,"column":134},"end":{"line":197,"column":140}}],"line":197},"20":{"loc":{"start":{"line":224,"column":4},"end":{"line":227,"column":5}},"type":"if","locations":[{"start":{"line":224,"column":4},"end":{"line":227,"column":5}},{"start":{},"end":{}}],"line":224},"21":{"loc":{"start":{"line":256,"column":28},"end":{"line":256,"column":77}},"type":"cond-expr","locations":[{"start":{"line":256,"column":56},"end":{"line":256,"column":65}},{"start":{"line":256,"column":68},"end":{"line":256,"column":77}}],"line":256},"22":{"loc":{"start":{"line":299,"column":4},"end":{"line":301,"column":5}},"type":"if","locations":[{"start":{"line":299,"column":4},"end":{"line":301,"column":5}},{"start":{},"end":{}}],"line":299},"23":{"loc":{"start":{"line":319,"column":4},"end":{"line":321,"column":5}},"type":"if","locations":[{"start":{"line":319,"column":4},"end":{"line":321,"column":5}},{"start":{},"end":{}}],"line":319},"24":{"loc":{"start":{"line":382,"column":4},"end":{"line":393,"column":5}},"type":"if","locations":[{"start":{"line":382,"column":4},"end":{"line":393,"column":5}},{"start":{},"end":{}}],"line":382},"25":{"loc":{"start":{"line":384,"column":6},"end":{"line":392,"column":7}},"type":"if","locations":[{"start":{"line":384,"column":6},"end":{"line":392,"column":7}},{"start":{},"end":{}}],"line":384},"26":{"loc":{"start":{"line":385,"column":19},"end":{"line":385,"column":97}},"type":"cond-expr","locations":[{"start":{"line":385,"column":49},"end":{"line":385,"column":57}},{"start":{"line":385,"column":60},"end":{"line":385,"column":97}}],"line":385},"27":{"loc":{"start":{"line":387,"column":8},"end":{"line":391,"column":9}},"type":"if","locations":[{"start":{"line":387,"column":8},"end":{"line":391,"column":9}},{"start":{},"end":{}}],"line":387},"28":{"loc":{"start":{"line":390,"column":22},"end":{"line":390,"column":63}},"type":"cond-expr","locations":[{"start":{"line":390,"column":39},"end":{"line":390,"column":56}},{"start":{"line":390,"column":59},"end":{"line":390,"column":63}}],"line":390},"29":{"loc":{"start":{"line":395,"column":4},"end":{"line":413,"column":5}},"type":"if","locations":[{"start":{"line":395,"column":4},"end":{"line":413,"column":5}},{"start":{"line":406,"column":11},"end":{"line":413,"column":5}}],"line":395},"30":{"loc":{"start":{"line":442,"column":50},"end":{"line":442,"column":65}},"type":"default-arg","locations":[{"start":{"line":442,"column":62},"end":{"line":442,"column":65}}],"line":442},"31":{"loc":{"start":{"line":442,"column":67},"end":{"line":442,"column":90}},"type":"default-arg","locations":[{"start":{"line":442,"column":81},"end":{"line":442,"column":90}}],"line":442},"32":{"loc":{"start":{"line":442,"column":92},"end":{"line":442,"column":111}},"type":"default-arg","locations":[{"start":{"line":442,"column":108},"end":{"line":442,"column":111}}],"line":442},"33":{"loc":{"start":{"line":476,"column":4},"end":{"line":476,"column":68}},"type":"if","locations":[{"start":{"line":476,"column":4},"end":{"line":476,"column":68}},{"start":{},"end":{}}],"line":476},"34":{"loc":{"start":{"line":482,"column":4},"end":{"line":482,"column":68}},"type":"if","locations":[{"start":{"line":482,"column":4},"end":{"line":482,"column":68}},{"start":{},"end":{}}],"line":482},"35":{"loc":{"start":{"line":488,"column":24},"end":{"line":491,"column":51}},"type":"binary-expr","locations":[{"start":{"line":488,"column":24},"end":{"line":488,"column":60}},{"start":{"line":489,"column":24},"end":{"line":489,"column":61}},{"start":{"line":490,"column":24},"end":{"line":490,"column":58}},{"start":{"line":491,"column":24},"end":{"line":491,"column":51}}],"line":488},"36":{"loc":{"start":{"line":493,"column":4},"end":{"line":493,"column":64}},"type":"if","locations":[{"start":{"line":493,"column":4},"end":{"line":493,"column":64}},{"start":{},"end":{}}],"line":493},"37":{"loc":{"start":{"line":509,"column":4},"end":{"line":511,"column":5}},"type":"if","locations":[{"start":{"line":509,"column":4},"end":{"line":511,"column":5}},{"start":{},"end":{}}],"line":509},"38":{"loc":{"start":{"line":526,"column":4},"end":{"line":560,"column":5}},"type":"if","locations":[{"start":{"line":526,"column":4},"end":{"line":560,"column":5}},{"start":{"line":530,"column":11},"end":{"line":560,"column":5}}],"line":526},"39":{"loc":{"start":{"line":530,"column":11},"end":{"line":560,"column":5}},"type":"if","locations":[{"start":{"line":530,"column":11},"end":{"line":560,"column":5}},{"start":{"line":540,"column":11},"end":{"line":560,"column":5}}],"line":530},"40":{"loc":{"start":{"line":545,"column":6},"end":{"line":547,"column":7}},"type":"if","locations":[{"start":{"line":545,"column":6},"end":{"line":547,"column":7}},{"start":{},"end":{}}],"line":545},"41":{"loc":{"start":{"line":549,"column":6},"end":{"line":557,"column":7}},"type":"if","locations":[{"start":{"line":549,"column":6},"end":{"line":557,"column":7}},{"start":{},"end":{}}],"line":549},"42":{"loc":{"start":{"line":575,"column":6},"end":{"line":587,"column":7}},"type":"if","locations":[{"start":{"line":575,"column":6},"end":{"line":587,"column":7}},{"start":{"line":581,"column":13},"end":{"line":587,"column":7}}],"line":575},"43":{"loc":{"start":{"line":599,"column":4},"end":{"line":606,"column":5}},"type":"if","locations":[{"start":{"line":599,"column":4},"end":{"line":606,"column":5}},{"start":{"line":601,"column":11},"end":{"line":606,"column":5}}],"line":599},"44":{"loc":{"start":{"line":599,"column":8},"end":{"line":599,"column":42}},"type":"binary-expr","locations":[{"start":{"line":599,"column":8},"end":{"line":599,"column":19}},{"start":{"line":599,"column":23},"end":{"line":599,"column":42}}],"line":599},"45":{"loc":{"start":{"line":612,"column":4},"end":{"line":614,"column":5}},"type":"if","locations":[{"start":{"line":612,"column":4},"end":{"line":614,"column":5}},{"start":{},"end":{}}],"line":612},"46":{"loc":{"start":{"line":635,"column":4},"end":{"line":663,"column":5}},"type":"if","locations":[{"start":{"line":635,"column":4},"end":{"line":663,"column":5}},{"start":{},"end":{}}],"line":635},"47":{"loc":{"start":{"line":635,"column":8},"end":{"line":635,"column":60}},"type":"binary-expr","locations":[{"start":{"line":635,"column":8},"end":{"line":635,"column":34}},{"start":{"line":635,"column":38},"end":{"line":635,"column":60}}],"line":635},"48":{"loc":{"start":{"line":642,"column":8},"end":{"line":654,"column":9}},"type":"if","locations":[{"start":{"line":642,"column":8},"end":{"line":654,"column":9}},{"start":{},"end":{}}],"line":642},"49":{"loc":{"start":{"line":644,"column":10},"end":{"line":653,"column":11}},"type":"if","locations":[{"start":{"line":644,"column":10},"end":{"line":653,"column":11}},{"start":{"line":647,"column":17},"end":{"line":653,"column":11}}],"line":644},"50":{"loc":{"start":{"line":644,"column":14},"end":{"line":644,"column":75}},"type":"binary-expr","locations":[{"start":{"line":644,"column":14},"end":{"line":644,"column":46}},{"start":{"line":644,"column":50},"end":{"line":644,"column":75}}],"line":644},"51":{"loc":{"start":{"line":647,"column":17},"end":{"line":653,"column":11}},"type":"if","locations":[{"start":{"line":647,"column":17},"end":{"line":653,"column":11}},{"start":{"line":650,"column":17},"end":{"line":653,"column":11}}],"line":647},"52":{"loc":{"start":{"line":731,"column":50},"end":{"line":731,"column":65}},"type":"default-arg","locations":[{"start":{"line":731,"column":62},"end":{"line":731,"column":65}}],"line":731},"53":{"loc":{"start":{"line":731,"column":67},"end":{"line":731,"column":90}},"type":"default-arg","locations":[{"start":{"line":731,"column":81},"end":{"line":731,"column":90}}],"line":731},"54":{"loc":{"start":{"line":731,"column":92},"end":{"line":731,"column":111}},"type":"default-arg","locations":[{"start":{"line":731,"column":108},"end":{"line":731,"column":111}}],"line":731},"55":{"loc":{"start":{"line":772,"column":4},"end":{"line":772,"column":68}},"type":"if","locations":[{"start":{"line":772,"column":4},"end":{"line":772,"column":68}},{"start":{},"end":{}}],"line":772},"56":{"loc":{"start":{"line":778,"column":4},"end":{"line":778,"column":68}},"type":"if","locations":[{"start":{"line":778,"column":4},"end":{"line":778,"column":68}},{"start":{},"end":{}}],"line":778},"57":{"loc":{"start":{"line":783,"column":24},"end":{"line":786,"column":51}},"type":"binary-expr","locations":[{"start":{"line":783,"column":24},"end":{"line":783,"column":60}},{"start":{"line":784,"column":24},"end":{"line":784,"column":61}},{"start":{"line":785,"column":24},"end":{"line":785,"column":58}},{"start":{"line":786,"column":24},"end":{"line":786,"column":51}}],"line":783},"58":{"loc":{"start":{"line":788,"column":4},"end":{"line":788,"column":64}},"type":"if","locations":[{"start":{"line":788,"column":4},"end":{"line":788,"column":64}},{"start":{},"end":{}}],"line":788},"59":{"loc":{"start":{"line":801,"column":4},"end":{"line":803,"column":5}},"type":"if","locations":[{"start":{"line":801,"column":4},"end":{"line":803,"column":5}},{"start":{},"end":{}}],"line":801},"60":{"loc":{"start":{"line":817,"column":4},"end":{"line":845,"column":5}},"type":"if","locations":[{"start":{"line":817,"column":4},"end":{"line":845,"column":5}},{"start":{"line":821,"column":11},"end":{"line":845,"column":5}}],"line":817},"61":{"loc":{"start":{"line":821,"column":11},"end":{"line":845,"column":5}},"type":"if","locations":[{"start":{"line":821,"column":11},"end":{"line":845,"column":5}},{"start":{"line":830,"column":11},"end":{"line":845,"column":5}}],"line":821},"62":{"loc":{"start":{"line":834,"column":6},"end":{"line":842,"column":7}},"type":"if","locations":[{"start":{"line":834,"column":6},"end":{"line":842,"column":7}},{"start":{},"end":{}}],"line":834},"63":{"loc":{"start":{"line":868,"column":28},"end":{"line":868,"column":77}},"type":"cond-expr","locations":[{"start":{"line":868,"column":56},"end":{"line":868,"column":65}},{"start":{"line":868,"column":68},"end":{"line":868,"column":77}}],"line":868},"64":{"loc":{"start":{"line":891,"column":10},"end":{"line":899,"column":11}},"type":"if","locations":[{"start":{"line":891,"column":10},"end":{"line":899,"column":11}},{"start":{"line":896,"column":17},"end":{"line":899,"column":11}}],"line":891},"65":{"loc":{"start":{"line":912,"column":10},"end":{"line":1120,"column":11}},"type":"if","locations":[{"start":{"line":912,"column":10},"end":{"line":1120,"column":11}},{"start":{"line":1097,"column":17},"end":{"line":1120,"column":11}}],"line":912},"66":{"loc":{"start":{"line":951,"column":12},"end":{"line":955,"column":13}},"type":"if","locations":[{"start":{"line":951,"column":12},"end":{"line":955,"column":13}},{"start":{},"end":{}}],"line":951},"67":{"loc":{"start":{"line":978,"column":12},"end":{"line":982,"column":13}},"type":"if","locations":[{"start":{"line":978,"column":12},"end":{"line":982,"column":13}},{"start":{},"end":{}}],"line":978},"68":{"loc":{"start":{"line":1052,"column":12},"end":{"line":1063,"column":13}},"type":"if","locations":[{"start":{"line":1052,"column":12},"end":{"line":1063,"column":13}},{"start":{},"end":{}}],"line":1052},"69":{"loc":{"start":{"line":1054,"column":14},"end":{"line":1062,"column":15}},"type":"if","locations":[{"start":{"line":1054,"column":14},"end":{"line":1062,"column":15}},{"start":{},"end":{}}],"line":1054},"70":{"loc":{"start":{"line":1055,"column":27},"end":{"line":1055,"column":105}},"type":"cond-expr","locations":[{"start":{"line":1055,"column":57},"end":{"line":1055,"column":65}},{"start":{"line":1055,"column":68},"end":{"line":1055,"column":105}}],"line":1055},"71":{"loc":{"start":{"line":1057,"column":16},"end":{"line":1061,"column":17}},"type":"if","locations":[{"start":{"line":1057,"column":16},"end":{"line":1061,"column":17}},{"start":{},"end":{}}],"line":1057},"72":{"loc":{"start":{"line":1060,"column":30},"end":{"line":1060,"column":71}},"type":"cond-expr","locations":[{"start":{"line":1060,"column":47},"end":{"line":1060,"column":64}},{"start":{"line":1060,"column":67},"end":{"line":1060,"column":71}}],"line":1060},"73":{"loc":{"start":{"line":1073,"column":59},"end":{"line":1073,"column":93}},"type":"cond-expr","locations":[{"start":{"line":1073,"column":69},"end":{"line":1073,"column":80}},{"start":{"line":1073,"column":83},"end":{"line":1073,"column":93}}],"line":1073},"74":{"loc":{"start":{"line":1074,"column":12},"end":{"line":1076,"column":13}},"type":"if","locations":[{"start":{"line":1074,"column":12},"end":{"line":1076,"column":13}},{"start":{},"end":{}}],"line":1074},"75":{"loc":{"start":{"line":1080,"column":12},"end":{"line":1095,"column":13}},"type":"if","locations":[{"start":{"line":1080,"column":12},"end":{"line":1095,"column":13}},{"start":{"line":1091,"column":19},"end":{"line":1095,"column":13}}],"line":1080},"76":{"loc":{"start":{"line":1097,"column":17},"end":{"line":1120,"column":11}},"type":"if","locations":[{"start":{"line":1097,"column":17},"end":{"line":1120,"column":11}},{"start":{"line":1102,"column":17},"end":{"line":1120,"column":11}}],"line":1097},"77":{"loc":{"start":{"line":1102,"column":17},"end":{"line":1120,"column":11}},"type":"if","locations":[{"start":{"line":1102,"column":17},"end":{"line":1120,"column":11}},{"start":{"line":1106,"column":17},"end":{"line":1120,"column":11}}],"line":1102},"78":{"loc":{"start":{"line":1106,"column":17},"end":{"line":1120,"column":11}},"type":"if","locations":[{"start":{"line":1106,"column":17},"end":{"line":1120,"column":11}},{"start":{"line":1110,"column":17},"end":{"line":1120,"column":11}}],"line":1106},"79":{"loc":{"start":{"line":1110,"column":17},"end":{"line":1120,"column":11}},"type":"if","locations":[{"start":{"line":1110,"column":17},"end":{"line":1120,"column":11}},{"start":{"line":1115,"column":17},"end":{"line":1120,"column":11}}],"line":1110},"80":{"loc":{"start":{"line":1125,"column":10},"end":{"line":1128,"column":11}},"type":"if","locations":[{"start":{"line":1125,"column":10},"end":{"line":1128,"column":11}},{"start":{},"end":{}}],"line":1125},"81":{"loc":{"start":{"line":1133,"column":6},"end":{"line":1135,"column":7}},"type":"if","locations":[{"start":{"line":1133,"column":6},"end":{"line":1135,"column":7}},{"start":{},"end":{}}],"line":1133},"82":{"loc":{"start":{"line":1139,"column":4},"end":{"line":1142,"column":5}},"type":"if","locations":[{"start":{"line":1139,"column":4},"end":{"line":1142,"column":5}},{"start":{},"end":{}}],"line":1139},"83":{"loc":{"start":{"line":1144,"column":4},"end":{"line":1152,"column":5}},"type":"if","locations":[{"start":{"line":1144,"column":4},"end":{"line":1152,"column":5}},{"start":{"line":1146,"column":11},"end":{"line":1152,"column":5}}],"line":1144},"84":{"loc":{"start":{"line":1144,"column":8},"end":{"line":1144,"column":42}},"type":"binary-expr","locations":[{"start":{"line":1144,"column":8},"end":{"line":1144,"column":19}},{"start":{"line":1144,"column":23},"end":{"line":1144,"column":42}}],"line":1144},"85":{"loc":{"start":{"line":1158,"column":4},"end":{"line":1160,"column":5}},"type":"if","locations":[{"start":{"line":1158,"column":4},"end":{"line":1160,"column":5}},{"start":{},"end":{}}],"line":1158},"86":{"loc":{"start":{"line":1180,"column":2},"end":{"line":1182,"column":3}},"type":"if","locations":[{"start":{"line":1180,"column":2},"end":{"line":1182,"column":3}},{"start":{},"end":{}}],"line":1180}},"s":{"0":3,"1":3,"2":0,"3":0,"4":0,"5":0,"6":0,"7":0,"8":0,"9":0,"10":0,"11":0,"12":0,"13":0,"14":0,"15":0,"16":0,"17":0,"18":0,"19":0,"20":0,"21":0,"22":0,"23":0,"24":0,"25":0,"26":0,"27":0,"28":0,"29":0,"30":0,"31":0,"32":0,"33":0,"34":0,"35":0,"36":0,"37":0,"38":0,"39":0,"40":0,"41":0,"42":0,"43":0,"44":0,"45":0,"46":0,"47":0,"48":0,"49":0,"50":0,"51":0,"52":0,"53":0,"54":0,"55":0,"56":0,"57":0,"58":0,"59":0,"60":0,"61":0,"62":0,"63":0,"64":0,"65":0,"66":0,"67":0,"68":0,"69":0,"70":0,"71":0,"72":0,"73":0,"74":0,"75":0,"76":0,"77":0,"78":0,"79":0,"80":0,"81":0,"82":0,"83":0,"84":0,"85":0,"86":0,"87":0,"88":0,"89":0,"90":0,"91":0,"92":0,"93":0,"94":0,"95":0,"96":0,"97":0,"98":0,"99":0,"100":0,"101":0,"102":0,"103":0,"104":0,"105":0,"106":0,"107":0,"108":0,"109":0,"110":0,"111":0,"112":0,"113":0,"114":0,"115":0,"116":0,"117":0,"118":0,"119":0,"120":0,"121":0,"122":0,"123":0,"124":0,"125":0,"126":0,"127":0,"128":0,"129":0,"130":0,"131":0,"132":0,"133":0,"134":0,"135":0,"136":0,"137":0,"138":0,"139":0,"140":0,"141":0,"142":0,"143":0,"144":0,"145":0,"146":0,"147":0,"148":0,"149":0,"150":0,"151":0,"152":0,"153":0,"154":0,"155":0,"156":0,"157":0,"158":0,"159":0,"160":0,"161":0,"162":0,"163":0,"164":0,"165":0,"166":0,"167":0,"168":0,"169":0,"170":0,"171":0,"172":0,"173":0,"174":0,"175":0,"176":0,"177":0,"178":0,"179":0,"180":0,"181":0,"182":0,"183":0,"184":0,"185":0,"186":0,"187":0,"188":0,"189":0,"190":0,"191":0,"192":0,"193":0,"194":0,"195":0,"196":0,"197":0,"198":0,"199":0,"200":0,"201":0,"202":0,"203":0,"204":0,"205":0,"206":0,"207":0,"208":0,"209":0,"210":0,"211":0,"212":0,"213":0,"214":0,"215":0,"216":0,"217":0,"218":0,"219":0,"220":0,"221":0,"222":0,"223":0,"224":0,"225":0,"226":0,"227":0,"228":0,"229":0,"230":0,"231":0,"232":0,"233":0,"234":0,"235":0,"236":0,"237":0,"238":0,"239":0,"240":0,"241":0,"242":0,"243":0,"244":0,"245":0,"246":0,"247":0,"248":0,"249":0,"250":0,"251":0,"252":0,"253":0,"254":0,"255":0,"256":0,"257":0,"258":0,"259":0,"260":0,"261":0,"262":0,"263":0,"264":0,"265":0,"266":0,"267":0,"268":0,"269":0,"270":0,"271":0,"272":0,"273":0,"274":0,"275":0,"276":0,"277":0,"278":0,"279":0,"280":0,"281":0,"282":0,"283":0,"284":0,"285":0,"286":0,"287":0,"288":0,"289":0,"290":0,"291":0,"292":0,"293":0,"294":0,"295":0,"296":0,"297":0,"298":0,"299":0,"300":0,"301":27,"302":27,"303":27,"304":18,"305":18,"306":18,"307":17,"308":12,"309":7,"310":7,"311":5,"312":4,"313":4,"314":1,"315":1,"316":5,"317":5,"318":1,"319":1,"320":9,"321":9,"322":7,"323":7,"324":2,"325":2,"326":0,"327":0,"328":0,"329":0,"330":0,"331":0,"332":0,"333":0,"334":0,"335":0,"336":0,"337":0,"338":0,"339":0,"340":0,"341":0,"342":0,"343":0,"344":0,"345":0,"346":0,"347":0,"348":0,"349":0,"350":0,"351":0,"352":0,"353":0,"354":0,"355":0,"356":0,"357":0,"358":0,"359":0,"360":0,"361":0,"362":0,"363":0,"364":0,"365":0,"366":0,"367":0,"368":0,"369":0,"370":0,"371":0,"372":0,"373":0,"374":0,"375":0,"376":0,"377":0,"378":0,"379":0,"380":0,"381":0,"382":0,"383":0,"384":0,"385":0,"386":0,"387":0,"388":0,"389":0,"390":0,"391":0,"392":0,"393":0,"394":0,"395":0,"396":0,"397":0,"398":0,"399":0,"400":0,"401":0,"402":0,"403":0,"404":0,"405":0,"406":0,"407":0,"408":0,"409":0,"410":0,"411":0,"412":0,"413":0,"414":0,"415":0,"416":0,"417":0,"418":0,"419":0,"420":0,"421":0,"422":0,"423":0,"424":0,"425":0,"426":0,"427":0,"428":0,"429":0,"430":0,"431":0,"432":0,"433":0,"434":0,"435":0,"436":0,"437":0,"438":0,"439":0,"440":0,"441":0,"442":0,"443":0,"444":0,"445":0,"446":0,"447":0,"448":0,"449":0,"450":0,"451":0,"452":0,"453":0,"454":0,"455":0,"456":0,"457":0,"458":0,"459":0,"460":0,"461":0,"462":0,"463":0,"464":0,"465":0,"466":0,"467":0,"468":0,"469":0,"470":0,"471":0,"472":0,"473":0,"474":0,"475":0,"476":0,"477":0,"478":0,"479":0,"480":0,"481":0,"482":0,"483":0,"484":0,"485":0,"486":0,"487":0,"488":0,"489":0,"490":0,"491":0,"492":0,"493":0,"494":0,"495":0,"496":0,"497":0,"498":0,"499":0,"500":0,"501":0,"502":0,"503":0,"504":0,"505":0,"506":0,"507":0,"508":0,"509":0,"510":0,"511":0,"512":0,"513":0,"514":0,"515":0,"516":0,"517":0,"518":0,"519":0,"520":0,"521":0,"522":0,"523":0,"524":0,"525":0,"526":0,"527":0,"528":0,"529":0,"530":0,"531":0,"532":0,"533":0,"534":0,"535":0,"536":0,"537":0,"538":0,"539":0,"540":0,"541":0,"542":0,"543":0,"544":0,"545":0,"546":0,"547":0,"548":0,"549":0,"550":0,"551":0,"552":0,"553":0,"554":0,"555":0,"556":0,"557":0,"558":0,"559":0,"560":0,"561":0,"562":0,"563":0,"564":0,"565":0,"566":0,"567":0,"568":0,"569":0,"570":0,"571":0,"572":0,"573":0,"574":0,"575":0,"576":0,"577":0,"578":0,"579":0,"580":0,"581":0,"582":0,"583":0,"584":0,"585":0,"586":0,"587":3},"f":{"0":0,"1":0,"2":0,"3":0,"4":0,"5":0,"6":0,"7":0,"8":0,"9":0,"10":0,"11":0,"12":0,"13":0,"14":0,"15":0,"16":0,"17":0,"18":0,"19":0,"20":0,"21":0,"22":0,"23":0,"24":0,"25":0,"26":0,"27":0,"28":0,"29":27,"30":0,"31":0,"32":0,"33":0,"34":0,"35":0,"36":0,"37":0,"38":0,"39":0,"40":0,"41":0,"42":0,"43":0,"44":0,"45":0,"46":0,"47":0,"48":0},"b":{"0":[0,0],"1":[0,0],"2":[0,0],"3":[0,0],"4":[0,0],"5":[0,0],"6":[0,0],"7":[0,0],"8":[0,0],"9":[0,0],"10":[0,0],"11":[0,0],"12":[0,0],"13":[0,0,0],"14":[0,0,0],"15":[0,0,0],"16":[0,0,0],"17":[0,0],"18":[0,0,0],"19":[0,0],"20":[0,0],"21":[0,0],"22":[0,0],"23":[0,0],"24":[0,0],"25":[0,0],"26":[0,0],"27":[0,0],"28":[0,0],"29":[0,0],"30":[0],"31":[0],"32":[0],"33":[0,0],"34":[0,0],"35":[0,0,0,0],"36":[0,0],"37":[0,0],"38":[0,0],"39":[0,0],"40":[0,0],"41":[0,0],"42":[0,0],"43":[0,0],"44":[0,0],"45":[0,0],"46":[18,9],"47":[27,14],"48":[12,5],"49":[7,5],"50":[12,7],"51":[4,1],"52":[0],"53":[0],"54":[0],"55":[0,0],"56":[0,0],"57":[0,0,0,0],"58":[0,0],"59":[0,0],"60":[0,0],"61":[0,0],"62":[0,0],"63":[0,0],"64":[0,0],"65":[0,0],"66":[0,0],"67":[0,0],"68":[0,0],"69":[0,0],"70":[0,0],"71":[0,0],"72":[0,0],"73":[0,0],"74":[0,0],"75":[0,0],"76":[0,0],"77":[0,0],"78":[0,0],"79":[0,0],"80":[0,0],"81":[0,0],"82":[0,0],"83":[0,0],"84":[0,0],"85":[0,0],"86":[0,0]},"_coverageSchema":"1a1c01bbd47fc00a2c39e90264f33305004495a9","hash":"69dccc6e5d4bd076cb77cafe1ab40c98f5e9f404"}
,"C:\\ANNIE-PROJECT\\JC\\backend-server\\timeSync.js": {"path":"C:\\ANNIE-PROJECT\\JC\\backend-server\\timeSync.js","statementMap":{"0":{"start":{"line":8,"column":52},"end":{"line":8,"column":88}},"1":{"start":{"line":11,"column":23},"end":{"line":11,"column":24}},"2":{"start":{"line":14,"column":19},"end":{"line":14,"column":23}},"3":{"start":{"line":22,"column":2},"end":{"line":22,"column":60}},"4":{"start":{"line":24,"column":2},"end":{"line":88,"column":3}},"5":{"start":{"line":25,"column":24},"end":{"line":25,"column":34}},"6":{"start":{"line":27,"column":21},"end":{"line":32,"column":6}},"7":{"start":{"line":34,"column":23},"end":{"line":34,"column":33}},"8":{"start":{"line":35,"column":26},"end":{"line":35,"column":50}},"9":{"start":{"line":38,"column":29},"end":{"line":38,"column":57}},"10":{"start":{"line":39,"column":4},"end":{"line":41,"column":5}},"11":{"start":{"line":40,"column":6},"end":{"line":40,"column":52}},"12":{"start":{"line":43,"column":23},"end":{"line":43,"column":59}},"13":{"start":{"line":46,"column":32},"end":{"line":46,"column":64}},"14":{"start":{"line":49,"column":22},"end":{"line":49,"column":54}},"15":{"start":{"line":52,"column":27},"end":{"line":52,"column":43}},"16":{"start":{"line":53,"column":4},"end":{"line":53,"column":33}},"17":{"start":{"line":54,"column":4},"end":{"line":54,"column":30}},"18":{"start":{"line":56,"column":20},"end":{"line":56,"column":56}},"19":{"start":{"line":58,"column":4},"end":{"line":58,"column":71}},"20":{"start":{"line":59,"column":4},"end":{"line":59,"column":58}},"21":{"start":{"line":60,"column":4},"end":{"line":60,"column":71}},"22":{"start":{"line":61,"column":4},"end":{"line":61,"column":86}},"23":{"start":{"line":62,"column":4},"end":{"line":62,"column":95}},"24":{"start":{"line":63,"column":4},"end":{"line":63,"column":63}},"25":{"start":{"line":64,"column":4},"end":{"line":64,"column":67}},"26":{"start":{"line":65,"column":4},"end":{"line":67,"column":5}},"27":{"start":{"line":66,"column":6},"end":{"line":66,"column":79}},"28":{"start":{"line":68,"column":4},"end":{"line":68,"column":93}},"29":{"start":{"line":69,"column":4},"end":{"line":69,"column":71}},"30":{"start":{"line":71,"column":4},"end":{"line":77,"column":6}},"31":{"start":{"line":80,"column":4},"end":{"line":80,"column":75}},"32":{"start":{"line":81,"column":4},"end":{"line":81,"column":73}},"33":{"start":{"line":83,"column":4},"end":{"line":87,"column":6}},"34":{"start":{"line":97,"column":2},"end":{"line":97,"column":39}},"35":{"start":{"line":106,"column":2},"end":{"line":111,"column":4}},"36":{"start":{"line":120,"column":2},"end":{"line":120,"column":34}},"37":{"start":{"line":120,"column":21},"end":{"line":120,"column":34}},"38":{"start":{"line":122,"column":24},"end":{"line":122,"column":49}},"39":{"start":{"line":123,"column":22},"end":{"line":123,"column":36}},"40":{"start":{"line":125,"column":2},"end":{"line":125,"column":37}},"41":{"start":{"line":135,"column":2},"end":{"line":135,"column":76}},"42":{"start":{"line":137,"column":23},"end":{"line":137,"column":25}},"43":{"start":{"line":139,"column":2},"end":{"line":162,"column":3}},"44":{"start":{"line":139,"column":15},"end":{"line":139,"column":16}},"45":{"start":{"line":140,"column":18},"end":{"line":140,"column":28}},"46":{"start":{"line":142,"column":4},"end":{"line":161,"column":5}},"47":{"start":{"line":143,"column":6},"end":{"line":148,"column":9}},"48":{"start":{"line":150,"column":18},"end":{"line":150,"column":36}},"49":{"start":{"line":151,"column":6},"end":{"line":151,"column":29}},"50":{"start":{"line":152,"column":6},"end":{"line":152,"column":65}},"51":{"start":{"line":155,"column":6},"end":{"line":157,"column":7}},"52":{"start":{"line":156,"column":8},"end":{"line":156,"column":63}},"53":{"start":{"line":156,"column":37},"end":{"line":156,"column":61}},"54":{"start":{"line":159,"column":6},"end":{"line":159,"column":86}},"55":{"start":{"line":160,"column":6},"end":{"line":160,"column":29}},"56":{"start":{"line":165,"column":2},"end":{"line":165,"column":37}},"57":{"start":{"line":165,"column":30},"end":{"line":165,"column":35}},"58":{"start":{"line":166,"column":17},"end":{"line":166,"column":32}},"59":{"start":{"line":168,"column":2},"end":{"line":168,"column":69}},"60":{"start":{"line":169,"column":2},"end":{"line":169,"column":89}},"61":{"start":{"line":170,"column":2},"end":{"line":170,"column":52}},"62":{"start":{"line":171,"column":2},"end":{"line":171,"column":69}},"63":{"start":{"line":173,"column":2},"end":{"line":173,"column":16}},"64":{"start":{"line":180,"column":2},"end":{"line":180,"column":23}},"65":{"start":{"line":181,"column":2},"end":{"line":181,"column":22}},"66":{"start":{"line":182,"column":2},"end":{"line":182,"column":44}},"67":{"start":{"line":185,"column":0},"end":{"line":192,"column":2}}},"fnMap":{"0":{"name":"syncWithGameTimeServer","decl":{"start":{"line":21,"column":15},"end":{"line":21,"column":37}},"loc":{"start":{"line":21,"column":40},"end":{"line":89,"column":1}},"line":21},"1":{"name":"getCurrentSyncedTime","decl":{"start":{"line":96,"column":9},"end":{"line":96,"column":29}},"loc":{"start":{"line":96,"column":32},"end":{"line":98,"column":1}},"line":96},"2":{"name":"getTimeSyncStatus","decl":{"start":{"line":105,"column":9},"end":{"line":105,"column":26}},"loc":{"start":{"line":105,"column":29},"end":{"line":112,"column":1}},"line":105},"3":{"name":"isTimeSyncFresh","decl":{"start":{"line":119,"column":9},"end":{"line":119,"column":24}},"loc":{"start":{"line":119,"column":27},"end":{"line":126,"column":1}},"line":119},"4":{"name":"measureNetworkLatency","decl":{"start":{"line":134,"column":15},"end":{"line":134,"column":36}},"loc":{"start":{"line":134,"column":39},"end":{"line":174,"column":1}},"line":134},"5":{"name":"(anonymous_5)","decl":{"start":{"line":156,"column":26},"end":{"line":156,"column":27}},"loc":{"start":{"line":156,"column":37},"end":{"line":156,"column":61}},"line":156},"6":{"name":"(anonymous_6)","decl":{"start":{"line":165,"column":20},"end":{"line":165,"column":21}},"loc":{"start":{"line":165,"column":30},"end":{"line":165,"column":35}},"line":165},"7":{"name":"resetTimeSync","decl":{"start":{"line":179,"column":9},"end":{"line":179,"column":22}},"loc":{"start":{"line":179,"column":25},"end":{"line":183,"column":1}},"line":179}},"branchMap":{"0":{"loc":{"start":{"line":39,"column":4},"end":{"line":41,"column":5}},"type":"if","locations":[{"start":{"line":39,"column":4},"end":{"line":41,"column":5}},{"start":{},"end":{}}],"line":39},"1":{"loc":{"start":{"line":65,"column":4},"end":{"line":67,"column":5}},"type":"if","locations":[{"start":{"line":65,"column":4},"end":{"line":67,"column":5}},{"start":{},"end":{}}],"line":65},"2":{"loc":{"start":{"line":109,"column":18},"end":{"line":109,"column":76}},"type":"cond-expr","locations":[{"start":{"line":109,"column":33},"end":{"line":109,"column":69}},{"start":{"line":109,"column":72},"end":{"line":109,"column":76}}],"line":109},"3":{"loc":{"start":{"line":110,"column":23},"end":{"line":110,"column":70}},"type":"cond-expr","locations":[{"start":{"line":110,"column":38},"end":{"line":110,"column":63}},{"start":{"line":110,"column":66},"end":{"line":110,"column":70}}],"line":110},"4":{"loc":{"start":{"line":120,"column":2},"end":{"line":120,"column":34}},"type":"if","locations":[{"start":{"line":120,"column":2},"end":{"line":120,"column":34}},{"start":{},"end":{}}],"line":120},"5":{"loc":{"start":{"line":155,"column":6},"end":{"line":157,"column":7}},"type":"if","locations":[{"start":{"line":155,"column":6},"end":{"line":157,"column":7}},{"start":{},"end":{}}],"line":155}},"s":{"0":0,"1":0,"2":0,"3":0,"4":0,"5":0,"6":0,"7":0,"8":0,"9":0,"10":0,"11":0,"12":0,"13":0,"14":0,"15":0,"16":0,"17":0,"18":0,"19":0,"20":0,"21":0,"22":0,"23":0,"24":0,"25":0,"26":0,"27":0,"28":0,"29":0,"30":0,"31":0,"32":0,"33":0,"34":0,"35":0,"36":0,"37":0,"38":0,"39":0,"40":0,"41":0,"42":0,"43":0,"44":0,"45":0,"46":0,"47":0,"48":0,"49":0,"50":0,"51":0,"52":0,"53":0,"54":0,"55":0,"56":0,"57":0,"58":0,"59":0,"60":0,"61":0,"62":0,"63":0,"64":0,"65":0,"66":0,"67":0},"f":{"0":0,"1":0,"2":0,"3":0,"4":0,"5":0,"6":0,"7":0},"b":{"0":[0,0],"1":[0,0],"2":[0,0],"3":[0,0],"4":[0,0],"5":[0,0]}}
}
